INFO - 数据更新时间：2020-05-19 09:13:14 - 2020-05-19 09:13:25,119
INFO - ---------------------------------------------1.0，实时监控指标--------------------------------------------- - 2020-05-19 09:13:27,251
INFO - 1.1今日运营分析（2020-03-18,2020-03-18) - - - - - - - - - - - - - - - - - - - - - - - - - - - - - - - 2020-05-19 09:13:27,251
INFO - 1.1.1 医疗业务收入(万元)，0，昨日：0 - 2020-05-19 09:13:54,923
INFO - 数据更新时间：2020-03-22 09:22:05 - 2020-05-19 09:22:15,760
INFO - ---------------------------------------------1.0，实时监控指标--------------------------------------------- - 2020-05-19 09:22:17,900
INFO - 1.1今日运营分析（) - - - - - - - - - - - - - - - - - - - - - - - - - - - - - - - 2020-05-19 09:22:17,900
INFO - 1.1.1 医疗业务收入(万元)，6.72，昨日：0.07 - 2020-05-19 09:22:22,718
INFO - 数据更新时间：2020-03-22 09:25:56 - 2020-05-19 09:26:06,646
INFO - ----------------------------------------------1，实时监控指标---------------------------------------------- - 2020-05-19 09:26:08,765
INFO - 1.1今日运营分析（) - - - - - - - - - - - - - - - - - - - - - - - - - - - - - - - 2020-05-19 09:26:08,765
INFO - 1.1.1 医疗业务收入(万元)，6.72，昨日：0.07 - 2020-05-19 09:26:13,560
INFO - 数据更新时间：2020-03-22 09:30:01 - 2020-05-19 09:30:12,013
INFO - ----------------------------------------------1，实时监控指标---------------------------------------------- - 2020-05-19 09:30:14,136
INFO - 1.1今日运营分析（2020-03-22,2020-03-22) - - - - - - - - - - - - - - - - - - - - - - - - - - - - - - - 2020-05-19 09:30:14,137
INFO - 1.1.1 医疗业务收入(万元)，6.72，昨日：0.07 - 2020-05-19 09:30:41,942
INFO - 1.1.2 药品收入(万元)，2.62，昨日：0.03 - 2020-05-19 09:30:42,546
INFO - 数据更新时间：2020-03-22 09:36:17 - 2020-05-19 09:36:27,944
INFO - ----------------------------------------------1，实时监控指标---------------------------------------------- - 2020-05-19 09:36:30,063
INFO - 1.1今日运营分析（2020-03-22,2020-03-22) - - - - - - - - - - - - - - - - - - - - - - - - - - - - - - - 2020-05-19 09:36:30,063
INFO - 1.1.1 医疗业务收入(万元)，6.72，昨日：0.07 - 2020-05-19 09:36:57,839
INFO - 1.1.2 药品收入(万元)，2.62，昨日：0.03 - 2020-05-19 09:36:58,417
INFO - 1.1.3 今日门急诊量(例)，162，昨日：0 - 2020-05-19 09:36:59,007
INFO - 数据更新时间：2020-03-22 09:40:40 - 2020-05-19 09:40:51,129
INFO - ----------------------------------------------1，实时监控指标---------------------------------------------- - 2020-05-19 09:40:53,250
INFO - 1.1今日运营分析（2020-03-22,2020-03-22) - - - - - - - - - - - - - - - - - - - - - - - - - - - - - - - 2020-05-19 09:40:53,250
INFO - 1.1.1 医疗业务收入(万元)，6.72，昨日：0.07 - 2020-05-19 09:41:20,777
INFO - 1.1.2 药品收入(万元)，2.62，昨日：0.03 - 2020-05-19 09:41:21,408
INFO - 1.1.3 今日门急诊量(例)，162，昨日：0 - 2020-05-19 09:41:21,980
INFO - 1.1.4 今日门诊量(例)，162，昨日：0 - 2020-05-19 09:41:22,583
INFO - 1.1.5 今日急诊量(例)，0，昨日：0 - 2020-05-19 09:41:23,173
INFO - 数据更新时间：2020-03-22 09:45:07 - 2020-05-19 09:45:18,596
INFO - ----------------------------------------------1，实时监控指标---------------------------------------------- - 2020-05-19 09:45:20,704
INFO - 1.1今日运营分析（2020-03-22,2020-03-22) - - - - - - - - - - - - - - - - - - - - - - - - - - - - - - - 2020-05-19 09:45:20,704
INFO - 1.1.1 医疗业务收入(万元)，6.72，昨日：0.07 - 2020-05-19 09:45:48,458
INFO - 1.1.2 药品收入(万元)，2.62，昨日：0.03 - 2020-05-19 09:45:49,083
INFO - 1.1.3 今日门急诊量(例)，162，昨日：0 - 2020-05-19 09:45:49,680
INFO - 1.1.4 今日门诊量(例)，162，昨日：0 - 2020-05-19 09:45:50,254
INFO - 1.1.5 今日急诊量(例)，0，昨日：0 - 2020-05-19 09:45:50,834
INFO - 1.1.6 今日门急诊收入(万元)，6.65，昨日：0 - 2020-05-19 09:45:51,414
INFO - 1.1.7 今日出院人数(例)，18，昨日：14 - 2020-05-19 09:45:52,011
INFO - 1.1.8 今日在院(例)，89，昨日：108 - 2020-05-19 09:45:52,581
INFO - 1.1.9 当前危重人数(例)，0，昨日：0 - 2020-05-19 09:45:53,168
INFO - 数据更新时间：2020-03-22 09:48:08 - 2020-05-19 09:48:18,804
INFO - ----------------------------------------------1，实时监控指标---------------------------------------------- - 2020-05-19 09:48:20,941
INFO - 1.1今日运营分析（2020-03-22,2020-03-22) - - - - - - - - - - - - - - - - - - - - - - - - - - - - - - - 2020-05-19 09:48:20,941
INFO - 1.1.1 医疗业务收入(万元)，6.72，昨日：0.07 - 2020-05-19 09:48:48,614
INFO - 1.1.2 药品收入(万元)，2.62，昨日：0.03 - 2020-05-19 09:48:49,190
INFO - 1.1.3 今日门急诊量(例)，162，昨日：0 - 2020-05-19 09:48:49,769
INFO - 1.1.4 今日门诊量(例)，162，昨日：0 - 2020-05-19 09:48:50,380
INFO - 1.1.5 今日急诊量(例)，0，昨日：0 - 2020-05-19 09:48:50,975
INFO - 1.1.6 今日门急诊收入(万元)，6.65，昨日：0 - 2020-05-19 09:48:51,550
INFO - 1.1.7 今日出院人数(例)，18，昨日：14 - 2020-05-19 09:48:52,164
INFO - 1.1.8 今日在院(例)，89，昨日：108 - 2020-05-19 09:48:52,738
INFO - 1.1.9 当前危重人数(例)，0，昨日：0 - 2020-05-19 09:48:53,337
INFO - 1.1.10 今日住院实收入(万元)，0.07，昨日：0.07 - 2020-05-19 09:48:53,943
INFO - -----------------------------------------------2，门诊分析----------------------------------------------- - 2020-05-19 09:48:56,225
INFO - 2.1门诊业务（2020-3-22) - - - - - - - - - - - - - - - - - - - - - - - - - - - - - - - 2020-05-19 09:48:56,225
INFO - 2.1.1 门急诊人次(万人)，0.02 - 2020-05-19 09:49:03,257
INFO - 数据更新时间：2020-03-22 09:52:06 - 2020-05-19 09:52:17,274
INFO - ----------------------------------------------1，实时监控指标---------------------------------------------- - 2020-05-19 09:52:19,396
INFO - 1.1今日运营分析（) - - - - - - - - - - - - - - - - - - - - - - - - - - - - - - - 2020-05-19 09:52:19,396
INFO - 1.1.1 医疗业务收入(万元)，6.72，昨日：0.07 - 2020-05-19 09:52:24,293
INFO - 1.1.2 药品收入(万元)，2.62，昨日：0.03 - 2020-05-19 09:52:24,867
INFO - 1.1.3 今日门急诊量(例)，162，昨日：0 - 2020-05-19 09:52:25,505
INFO - 1.1.4 今日门诊量(例)，162，昨日：0 - 2020-05-19 09:52:26,106
INFO - 1.1.5 今日急诊量(例)，0，昨日：0 - 2020-05-19 09:52:26,704
INFO - 1.1.6 今日门急诊收入(万元)，6.65，昨日：0 - 2020-05-19 09:52:27,302
INFO - 1.1.7 今日出院人数(例)，18，昨日：14 - 2020-05-19 09:52:27,897
INFO - 1.1.8 今日在院(例)，89，昨日：108 - 2020-05-19 09:52:28,479
INFO - 1.1.9 当前危重人数(例)，0，昨日：0 - 2020-05-19 09:52:29,040
INFO - 1.1.10 今日住院实收入(万元)，0.07，昨日：0.07 - 2020-05-19 09:52:29,657
INFO - -----------------------------------------------2，门诊分析----------------------------------------------- - 2020-05-19 09:52:31,923
INFO - 2.1门诊业务（) - - - - - - - - - - - - - - - - - - - - - - - - - - - - - - - 2020-05-19 09:52:31,923
ERROR - 2.1.1 门急诊人次(万人)页面值（0.05），库值（0.02）
select round((SELECT sum(outPCount)/10000 from bi_outpatient_yard where statisticsDate ="2020-3-22"),2)
 - 2020-05-19 09:52:36,363
INFO - 数据更新时间：2020-03-22 09:53:59 - 2020-05-19 09:54:10,270
INFO - ----------------------------------------------1，实时监控指标---------------------------------------------- - 2020-05-19 09:54:12,392
INFO - 1.1今日运营分析（2020-03-22,2020-03-22) - - - - - - - - - - - - - - - - - - - - - - - - - - - - - - - 2020-05-19 09:54:12,392
INFO - 1.1.1 医疗业务收入(万元)，6.72，昨日：0.07 - 2020-05-19 09:54:40,215
INFO - 1.1.2 药品收入(万元)，2.62，昨日：0.03 - 2020-05-19 09:54:40,831
INFO - 1.1.3 今日门急诊量(例)，162，昨日：0 - 2020-05-19 09:54:41,415
INFO - 1.1.4 今日门诊量(例)，162，昨日：0 - 2020-05-19 09:54:42,019
INFO - 1.1.5 今日急诊量(例)，0，昨日：0 - 2020-05-19 09:54:42,604
INFO - 1.1.6 今日门急诊收入(万元)，6.65，昨日：0 - 2020-05-19 09:54:43,205
INFO - 1.1.7 今日出院人数(例)，18，昨日：14 - 2020-05-19 09:54:43,777
INFO - 1.1.8 今日在院(例)，89，昨日：108 - 2020-05-19 09:54:44,360
INFO - 1.1.9 当前危重人数(例)，0，昨日：0 - 2020-05-19 09:54:44,972
INFO - 1.1.10 今日住院实收入(万元)，0.07，昨日：0.07 - 2020-05-19 09:54:45,548
INFO - -----------------------------------------------2，门诊分析----------------------------------------------- - 2020-05-19 09:54:47,828
INFO - 2.1门诊业务（2020-3-22) - - - - - - - - - - - - - - - - - - - - - - - - - - - - - - - 2020-05-19 09:54:47,828
INFO - 2.1.1 门急诊人次(万人)，0.02 - 2020-05-19 09:54:54,763
INFO - 2.1.1 门急诊人次(万人)，同期：0.01 - 2020-05-19 09:54:55,059
INFO - 2.1.1 门急诊人次(万人)，同比：42.11% ↑ - 2020-05-19 09:54:55,403
INFO - 2.1.2 门诊人次(万人)，0.02 - 2020-05-19 09:54:55,689
INFO - 2.1.2 门诊人次(万人)，同期：0.01 - 2020-05-19 09:54:56,001
INFO - 2.1.2 门诊人次(万人)，同比：35.00% ↑ - 2020-05-19 09:54:56,310
INFO - 2.1.3 急诊人次(万人)，0 - 2020-05-19 09:54:56,635
INFO - 2.1.3 急诊人次(万人)，同期：0.01 - 2020-05-19 09:54:56,951
INFO - 2.1.3 急诊人次(万人)，同比：-100.00% ↓ - 2020-05-19 09:54:57,244
INFO - 2.1.4 门急诊退号率，7.43% - 2020-05-19 09:54:57,535
ERROR - 2.1.4 门急诊退号率，页面值（7.43%），库值（10.00%）
SELECT sum(backRegisterRatio) from bi_outpatient_yard where statisticsDate="2019-3-22"
 - 2020-05-19 09:54:57,817
INFO - 2.1.4 门急诊退号率，同比：-25.70% ↓ - 2020-05-19 09:54:58,114
INFO - 2.3门诊处方（2020-3-22) - - - - - - - - - - - - - - - - - - - - - - - - - - - - - - - 2020-05-19 09:54:58,271
INFO - 2.3.1 门急诊处方数(张)，1125 - 2020-05-19 09:55:05,647
INFO - 2.3.1 门急诊处方数(张)，同期：39 - 2020-05-19 09:55:05,977
INFO - 2.3.1 门急诊处方数(张)，同比：2784.62% ↑ - 2020-05-19 09:55:06,281
INFO - 2.3.2 门急诊抗生素处方数(张)，54 - 2020-05-19 09:55:06,589
INFO - 2.3.2 门急诊抗生素处方数(张)，同期：0 - 2020-05-19 09:55:06,908
INFO - 2.3.2 门急诊抗生素处方数(张)，同比：0.00% - - 2020-05-19 09:55:07,250
INFO - 2.3.3 门急诊药品处方数(张)，167 - 2020-05-19 09:55:07,566
INFO - 2.3.3 门急诊药品处方数(张)，同期：39 - 2020-05-19 09:55:07,895
INFO - 2.3.3 门急诊药品处方数(张)，同比：328.21% ↑ - 2020-05-19 09:55:08,209
INFO - 2.3.4 门急诊大额处方数(张)，1 - 2020-05-19 09:55:08,523
INFO - 2.3.4 门急诊大额处方数(张)，同期：27 - 2020-05-19 09:55:08,891
INFO - 2.3.4 门急诊大额处方数(张)，同比：-96.30% ↓ - 2020-05-19 09:55:09,207
INFO - 2.3.5 科室门急诊抗生素处方数分析，{'门诊药房(新院)': '43', '发热门诊药房': '11', '外科': '0', '骨科': '0', '发热门诊': '0', '放射科': '0', '心电图': '0', '检验科': '0', '一次性用品库': '0', '急诊内科': '0'} - 2020-05-19 09:55:21,046
INFO - 2.3.6 科室门急诊药品处方数分析，{'门诊药房(新院)': '151', '发热门诊药房': '16', '外科': '0', '骨科': '0', '发热门诊': '0', '放射科': '0', '心电图': '0', '检验科': '0', '一次性用品库': '0', '急诊内科': '0'} - 2020-05-19 09:55:29,659
INFO - 2.3.7 科室门急诊大额处方数分析，{'门诊药房(新院)': '1', '外科': '0', '骨科': '0', '发热门诊': '0', '放射科': '0', '心电图': '0', '发热门诊药房': '0', '检验科': '0', '一次性用品库': '0', '急诊内科': '0'} - 2020-05-19 09:55:38,250
ERROR - 门急诊抗生素处方率
页面：4.8%, 库值：4.80

 - 2020-05-19 09:55:46,850
INFO - 2.3.9 门急诊药品处方率，14.84% - 2020-05-19 09:55:55,620
INFO - 2.3.10 门急诊大额处方率，0.09% - 2020-05-19 09:56:05,045
INFO - 2.4门诊收入（2020-3-22) - - - - - - - - - - - - - - - - - - - - - - - - - - - - - - - 2020-05-19 09:56:05,167
INFO - 2.4.1 门急诊收入(万元)，6.65 - 2020-05-19 09:56:12,724
ERROR - 2.4.1 门急诊收入(万元)页面值（2），库值（2.00）
SELECT ROUND((SELECT sum(outPAccount)/10000 from bi_outpatient_yard where statisticsDate ="2019-3-22"),2)
 - 2020-05-19 09:56:13,219
INFO - 2.4.1 门急诊收入(万元)，同比：232.64% ↑ - 2020-05-19 09:56:13,649
INFO - 2.4.2 门诊收入(万元)，5.54 - 2020-05-19 09:56:14,090
ERROR - 2.4.2 门诊收入(万元)页面值（1），库值（1.00）
SELECT round(
(SELECT sum(outpatientAccount)/10000
from bi_outpatient_yard 
where statisticsDate ="2019-3-22"),2)
 - 2020-05-19 09:56:14,543
INFO - 2.4.2 门诊收入(万元)，同比：453.81% ↑ - 2020-05-19 09:56:14,993
INFO - 2.4.3 急诊收入(万元)，0 - 2020-05-19 09:56:15,403
ERROR - 2.4.3 急诊收入(万元)页面值（1），库值（1.00）
SELECT ROUND((SELECT sum(emergencyAccount)/10000 from bi_outpatient_yard where statisticsDate ="2019-3-22"),2)
 - 2020-05-19 09:56:15,811
INFO - 2.4.3 急诊收入(万元)，同比：-100.00% ↓ - 2020-05-19 09:56:16,253
INFO - 2.4.4 门急诊均次费(元)，380.16 - 2020-05-19 09:56:16,644
INFO - 2.4.4 门急诊均次费(元)，同期：133.33 - 2020-05-19 09:56:17,068
INFO - 2.4.4 门急诊均次费(元)，同比：185.12% ↑ - 2020-05-19 09:56:17,510
INFO - 2.4.5 门急诊药品收入(万元)，2.59 - 2020-05-19 09:56:17,930
ERROR - 2.4.5 门急诊药品收入(万元)页面值（0.2），库值（0.20）
SELECT round((SELECT sum(outPMedicateAccount)/10000 from bi_outpatient_yard where statisticsDate ="2019-3-22"),2)
 - 2020-05-19 09:56:18,307
INFO - 2.4.5 门急诊药品收入(万元)，同比：1195.11% ↑ - 2020-05-19 09:56:18,708
INFO - 2.4.6 门急诊药占比，38.93% - 2020-05-19 09:56:19,147
ERROR - 2.4.6 门急诊药占比，页面值（38.93%），库值（10.00%）
SELECT round((SELECT sum(outPMedicateRatio) from bi_outpatient_yard where statisticsDate ="2019-3-22"),2)
 - 2020-05-19 09:56:19,556
ERROR - 2.4.6 门急诊药占比，同比，页面值（289.30% ↑），库值（289.3）

 - 2020-05-19 09:56:19,978
INFO - 2.4.7 门急诊均次药品费用(元)，148.01 - 2020-05-19 09:56:20,378
ERROR - 2.4.7 门急诊均次药品费用(元)页面值（100），库值（13.33）
SELECT round(
(SELECT sum(outPMedicateAccount/registerCount)
from bi_outpatient_yard 
where statisticsDate ="2019-3-22"),2)
 - 2020-05-19 09:56:20,780
ERROR - 2.4.7 门急诊均次药品费用(元)，同比，页面值（48.01% ↑），库值（1010.35）

 - 2020-05-19 09:56:21,217
ERROR - 2.4.8 门急诊收入科室排名
页面：{'急诊内科': '27457.67', '急诊外科(新)': '13833.16', '急诊骨科(新)': '11727.06', '发热门诊': '9429.25', '急诊儿科(新)': '2447.67', '急诊妇科': '1153', '中医儿科': '479.39'}
库值：{'急诊内科': '27457.67', '急诊外科(新)': '13833.16', '急诊骨科(新)': '11727.06', '发热门诊': '9429.25', '急诊儿科(新)': '2447.67', '急诊妇科': '1153.00', '中医儿科': '479.39'}
SELECT deptname,round(outPAccount,2) from bi_outpatient_dept where statisticsDate ="2020-3-22" GROUP BY deptname ORDER BY outpaccount DESC LIMIT 10
 - 2020-05-19 09:56:38,304
INFO - ----------------------------------------------3.0，住院分析---------------------------------------------- - 2020-05-19 09:56:40,606
INFO - 3.1住院业务（2020-3-22) - - - - - - - - - - - - - - - - - - - - - - - - - - - - - - - 2020-05-19 09:56:40,606
INFO - 3.1.1 入院人次，19 - 2020-05-19 09:56:47,914
INFO - 3.1.2 出院人次，18 - 2020-05-19 09:56:48,254
INFO - 3.1.3 出院平均住院日(日)，12.17 - 2020-05-19 09:56:48,592
INFO - 3.1.4 平均住院日科室情况，{'肿瘤科': '29.00', '内分泌科': '26.50', '急诊科': '20.50', '消化内科': '10.75', '妇产科': '5.50', '呼吸内科': '3.50', '神经内科': '3.00', '心内科': '0.00', '肾内科': '0.00', '外科': '0.00'} - 2020-05-19 09:57:09,562
ERROR - 3.1.5 出院人次科室情况
页面：{'呼吸内科': '4', '妇产科': '4', '消化内科': '4', '急诊科': '2', '内分泌科': '2', '肿瘤科': '1', '神经内科': '1', '心内科': '0', '肾内科': '0', '外科': '0'}
库值：{'心内科': '17.00', '神经内科': '11.00', '外科': '11.00', '呼吸内科': '9.00', '消化内科': '9.00', '内分泌科': '9.00', '肿瘤科': '5.00', '妇产科': '5.00', '肾内科': '4.00', '急诊科': '4.00'}
SELECT deptname,sum(inPCount) as t from bi_inpatient_dept where statisticsDate ="2020-3-22" GROUP BY deptname ORDER BY t DESC LIMIT 10
 - 2020-05-19 09:57:25,806
INFO - 3.2床位分析（2020-3-22) - - - - - - - - - - - - - - - - - - - - - - - - - - - - - - - 2020-05-19 09:57:25,941
INFO - 3.2.1 实际开放总床日数，1348 - 2020-05-19 09:57:33,663
INFO - 3.2.2 实际占用总床日数，88 - 2020-05-19 09:57:34,389
INFO - 3.2.3 出院者占用总床日数，219 - 2020-05-19 09:57:34,927
INFO - 3.2.4 平均开放床位数，1348 - 2020-05-19 09:57:35,585
INFO - 3.2.5 病床周转次数，0.01 - 2020-05-19 09:57:36,092
INFO - 3.2.6 床位使用率，6.53% - 2020-05-19 09:57:36,611
INFO - 3.2.7 平均每张床位工作日，0.16 - 2020-05-19 09:57:37,141
INFO - 3.2.8 病床工作日，0.07 - 2020-05-19 09:57:37,646
INFO - 3.2.9 出院患者平均住院日，12.17 - 2020-05-19 09:57:38,150
INFO - 3.3住院收入（2020-3-22,2020-3-22) - - - - - - - - - - - - - - - - - - - - - - - - - - - - - - - 2020-05-19 09:57:38,283
INFO - 3.3.1 医院总收入(万元)，6.72 - 2020-05-19 09:57:45,903
INFO - 3.3.2 住院总收入(万元)，0.07 - 2020-05-19 09:57:46,298
INFO - 3.3.3 住院均次费用(元)，7.78 - 2020-05-19 09:57:46,692
INFO - 3.3.4 住院药品收入(万元)，0.03 - 2020-05-19 09:57:47,134
INFO - 3.3.5 住院均次药品费用(元)，3.79 - 2020-05-19 09:57:47,518
INFO - 3.3.6 住院药占比，48.73% - 2020-05-19 09:57:47,922
ERROR - 3.3.7 住院收入科室情况
页面：{'外科': '692.05', '妇产科': '0', '肾内科': '0', '神经内科': '0', '心内科': '0', '骨科': '0', '急诊科': '0', '消化内科': '0', '呼吸内科': '0', '肿瘤科': '0'}
库值：{'外科': '692.05', '妇产科': '0.00', '肾内科': '0.00', '神经内科': '0.00', '心内科': '0.00', '骨科': '0.00', '急诊科': '0.00', '消化内科': '0.00', '呼吸内科': '0.00', '肿瘤科': '0.00'}
SELECT deptname,round(sum(inPAccount),2) from bi_inpatient_dept WHERE statisticsDate ="2020-3-22" GROUP BY deptname ORDER BY sum(inPAccount) DESC LIMIT 10
 - 2020-05-19 09:58:14,111
INFO - ----------------------------------------------4.0，药品分析---------------------------------------------- - 2020-05-19 09:58:16,441
INFO - 4.1基本用药分析（2020-3-22) - - - - - - - - - - - - - - - - - - - - - - - - - - - - - - - 2020-05-19 09:58:16,441
INFO - 4.1.1 药品收入(万元)，2.32 - 2020-05-19 09:58:23,843
INFO - 4.1.2 中成药收入(万元)，0.64 - 2020-05-19 09:58:24,346
INFO - 4.1.3 中药饮片(万元)，0 - 2020-05-19 09:58:24,920
INFO - 4.1.4 西医收入(万元)，1.68 - 2020-05-19 09:58:25,461
INFO - 4.1.5 医保目录外药品收入(万元)，1.56 - 2020-05-19 09:58:26,027
INFO - 4.1.6 药占比，34.52% - 2020-05-19 09:58:26,559
INFO - 4.2抗菌药物用药分析（2020-3-22,2020-3-22) - - - - - - - - - - - - - - - - - - - - - - - - - - - - - - - 2020-05-19 09:58:26,696
INFO - 4.2.1 抗菌药物药占比，0.27% - 2020-05-19 09:58:34,656
INFO - 4.2.2 门急诊抗菌药物均次费(元)，142 - 2020-05-19 09:58:35,320
ERROR - 4.2.3 门诊患者抗菌药物使用率，页面值（0%），库值（0.27%）

 - 2020-05-19 09:58:35,988
INFO - 4.2.4 急诊患者抗菌药物使用率，0% - 2020-05-19 09:58:36,640
INFO - 4.2.5 住院患者抗菌药物使用率，0% - 2020-05-19 09:58:37,320
INFO - 4.3注射输液用药分析（2020-3-22,2020-3-22) - - - - - - - - - - - - - - - - - - - - - - - - - - - - - - - 2020-05-19 09:58:37,451
INFO - 4.3.1 门急诊使用注射药物的百分比，0.35% - 2020-05-19 09:58:44,886
INFO - 4.3.2 门诊患者静脉输液使用率，27.16% - 2020-05-19 09:58:45,301
INFO - 4.3.3 住院患者抗菌药物使用率，0% - 2020-05-19 09:58:45,722
INFO - 4.3.4 住院患者静脉输液平均每床日使用袋（瓶）数，0.02 - 2020-05-19 09:58:46,178
INFO - 4.3.5 住院患者抗菌药物静脉输液占比，0% - 2020-05-19 09:58:46,598
ERROR - 4.3.6 急诊患者静脉输液使用率（0）, 页面上缺少% - 2020-05-19 09:58:47,005
INFO - ----------------------------------------------5.0，手术分析---------------------------------------------- - 2020-05-19 09:58:49,325
INFO - 5.1手术分析（2020-3-22) - - - - - - - - - - - - - - - - - - - - - - - - - - - - - - - 2020-05-19 09:58:49,325
INFO - 5.1.1 住院手术例数(例)，0 - 2020-05-19 09:58:56,791
INFO - 5.1.2 住院患者手术人次数(人次)，0 - 2020-05-19 09:58:57,204
INFO - 5.1.3 日间手术例数(例)，0 - 2020-05-19 09:58:57,606
INFO - 5.1.4 日间手术人次数(人次)，0 - 2020-05-19 09:58:58,022
INFO - 5.1.5 三四级手术占比(例)，0% - 2020-05-19 09:58:58,424
ERROR - 5.1.6 麻醉总例数(例)，页面值（0），库值（None）
SELECT sum(anaesthesiaNum) from bi_anaesthesia_hostipal WHERE anaesthesiaDate = "2020-3-22"
 - 2020-05-19 09:58:58,832
ERROR - 5.1.7 手术例数科室分析
页面：None
库值：{}
SELECT deptName,sum(oneLevelSurgical+twoLevelSurgical+threeLevelSurgical+fourLevelSurgical) as number from bi_patient_surgical_dept WHERE surgicalDate = "2020-3-22" GROUP BY deptname ORDER BY number  DESC LIMIT 10
 - 2020-05-19 09:59:34,859
ERROR - 5.1.8 手术主刀医生排名
页面：None
库值：{}
SELECT doctorName,sum(oneLevelSurgical+twoLevelSurgical+threeLevelSurgical+fourLevelSurgical) as number from bi_patient_surgical_doctor WHERE surgicalDate = "2020-3-22" GROUP BY doctorName ORDER BY number DESC LIMIT 10
 - 2020-05-19 10:00:11,114
ERROR - 5.1.9 手术排名
页面：None
库值：{}
SELECT surgicalName,sum(surgicalNum) from bi_surgical_name_hospital WHERE surgicalLevel in (1,2,3,4) and surgicalDate = "2020-3-22" GROUP BY surgicalName ORDER BY sum(surgicalNum) DESC LIMIT 10
 - 2020-05-19 10:00:47,077
INFO - 数据更新时间：2020-03-22 10:17:07 - 2020-05-19 10:17:17,961
INFO - ----------------------------------------------1，实时监控指标---------------------------------------------- - 2020-05-19 10:17:20,081
INFO - 1.1今日运营分析（) - - - - - - - - - - - - - - - - - - - - - - - - - - - - - - - 2020-05-19 10:17:20,081
INFO - 1.1.1 医疗业务收入(万元)，6.72，昨日：0.07 - 2020-05-19 10:17:24,930
INFO - 1.1.2 药品收入(万元)，2.62，昨日：0.03 - 2020-05-19 10:17:25,576
INFO - 1.1.3 今日门急诊量(例)，162，昨日：0 - 2020-05-19 10:17:26,166
INFO - 1.1.4 今日门诊量(例)，162，昨日：0 - 2020-05-19 10:17:26,765
INFO - 1.1.5 今日急诊量(例)，0，昨日：0 - 2020-05-19 10:17:27,358
INFO - 1.1.6 今日门急诊收入(万元)，6.65，昨日：0 - 2020-05-19 10:17:28,177
INFO - 1.1.7 今日出院人数(例)，18，昨日：14 - 2020-05-19 10:17:28,732
INFO - 1.1.8 今日在院(例)，89，昨日：108 - 2020-05-19 10:17:29,301
INFO - 1.1.9 当前危重人数(例)，0，昨日：0 - 2020-05-19 10:17:29,868
INFO - 1.1.10 今日住院实收入(万元)，0.07，昨日：0.07 - 2020-05-19 10:17:30,448
INFO - -----------------------------------------------2，门诊分析----------------------------------------------- - 2020-05-19 10:17:32,691
INFO - 2.1门诊业务（2020-3-22) - - - - - - - - - - - - - - - - - - - - - - - - - - - - - - - 2020-05-19 10:17:32,691
INFO - 2.1.1 门急诊人次(万人)，0.02 - 2020-05-19 10:17:39,697
INFO - 2.1.1 门急诊人次(万人)，同期：0.01 - 2020-05-19 10:17:39,992
INFO - 2.1.1 门急诊人次(万人)，同比：42.11% ↑ - 2020-05-19 10:17:40,278
INFO - 2.1.2 门诊人次(万人)，0.02 - 2020-05-19 10:17:40,596
INFO - 2.1.2 门诊人次(万人)，同期：0.01 - 2020-05-19 10:17:40,887
INFO - 2.1.2 门诊人次(万人)，同比：35.00% ↑ - 2020-05-19 10:17:41,179
INFO - 2.1.3 急诊人次(万人)，0 - 2020-05-19 10:17:41,462
INFO - 2.1.3 急诊人次(万人)，同期：0.01 - 2020-05-19 10:17:41,744
INFO - 2.1.3 急诊人次(万人)，同比：-100.00% ↓ - 2020-05-19 10:17:42,035
INFO - 2.1.4 门急诊退号率，7.43% - 2020-05-19 10:17:42,342
ERROR - 2.1.4 门急诊退号率，页面值（7.43%），库值（10.00%）
SELECT sum(backRegisterRatio) from bi_outpatient_yard where statisticsDate="2019-3-22"
 - 2020-05-19 10:17:42,620
INFO - 2.1.4 门急诊退号率，同比：-25.70% ↓ - 2020-05-19 10:17:42,932
INFO - 2.3门诊处方（2020-3-22) - - - - - - - - - - - - - - - - - - - - - - - - - - - - - - - 2020-05-19 10:17:43,057
INFO - 2.3.1 门急诊处方数(张)，1125 - 2020-05-19 10:17:50,299
INFO - 2.3.1 门急诊处方数(张)，同期：39 - 2020-05-19 10:17:50,601
INFO - 2.3.1 门急诊处方数(张)，同比：2784.62% ↑ - 2020-05-19 10:17:50,961
INFO - 2.3.2 门急诊抗生素处方数(张)，54 - 2020-05-19 10:17:51,270
INFO - 2.3.2 门急诊抗生素处方数(张)，同期：0 - 2020-05-19 10:17:51,586
INFO - 2.3.2 门急诊抗生素处方数(张)，同比：0.00% - - 2020-05-19 10:17:51,915
INFO - 2.3.3 门急诊药品处方数(张)，167 - 2020-05-19 10:17:52,240
INFO - 2.3.3 门急诊药品处方数(张)，同期：39 - 2020-05-19 10:17:52,552
INFO - 2.3.3 门急诊药品处方数(张)，同比：328.21% ↑ - 2020-05-19 10:17:52,864
INFO - 2.3.4 门急诊大额处方数(张)，1 - 2020-05-19 10:17:53,176
INFO - 2.3.4 门急诊大额处方数(张)，同期：27 - 2020-05-19 10:17:53,482
INFO - 2.3.4 门急诊大额处方数(张)，同比：-96.30% ↓ - 2020-05-19 10:17:53,785
INFO - 2.3.5 科室门急诊抗生素处方数分析，{'门诊药房(新院)': '43', '发热门诊药房': '11', '外科': '0', '骨科': '0', '发热门诊': '0', '放射科': '0', '心电图': '0', '检验科': '0', '一次性用品库': '0', '急诊内科': '0'} - 2020-05-19 10:18:05,395
INFO - 2.3.6 科室门急诊药品处方数分析，{'门诊药房(新院)': '151', '发热门诊药房': '16', '外科': '0', '骨科': '0', '发热门诊': '0', '放射科': '0', '心电图': '0', '检验科': '0', '一次性用品库': '0', '急诊内科': '0'} - 2020-05-19 10:18:14,403
INFO - 2.3.7 科室门急诊大额处方数分析，{'门诊药房(新院)': '1', '外科': '0', '骨科': '0', '发热门诊': '0', '放射科': '0', '心电图': '0', '发热门诊药房': '0', '检验科': '0', '一次性用品库': '0', '急诊内科': '0'} - 2020-05-19 10:18:23,145
ERROR - 门急诊抗生素处方率
页面：4.8%, 库值：4.80

 - 2020-05-19 10:18:34,615
INFO - 2.3.9 门急诊药品处方率，14.84% - 2020-05-19 10:18:43,489
INFO - 2.3.10 门急诊大额处方率，0.09% - 2020-05-19 10:18:52,834
INFO - 2.4门诊收入（2020-3-22) - - - - - - - - - - - - - - - - - - - - - - - - - - - - - - - 2020-05-19 10:18:52,959
INFO - 2.4.1 门急诊收入(万元)，6.65 - 2020-05-19 10:19:00,436
ERROR - 2.4.1 门急诊收入(万元)页面值（2），库值（2.00）
SELECT ROUND((SELECT sum(outPAccount)/10000 from bi_outpatient_yard where statisticsDate ="2019-3-22"),2)
 - 2020-05-19 10:19:00,881
INFO - 2.4.1 门急诊收入(万元)，同比：232.64% ↑ - 2020-05-19 10:19:01,311
INFO - 2.4.2 门诊收入(万元)，5.54 - 2020-05-19 10:19:01,742
ERROR - 2.4.2 门诊收入(万元)页面值（1），库值（1.00）
SELECT round(
(SELECT sum(outpatientAccount)/10000
from bi_outpatient_yard 
where statisticsDate ="2019-3-22"),2)
 - 2020-05-19 10:19:02,182
INFO - 2.4.2 门诊收入(万元)，同比：453.81% ↑ - 2020-05-19 10:19:02,636
INFO - 2.4.3 急诊收入(万元)，0 - 2020-05-19 10:19:03,079
ERROR - 2.4.3 急诊收入(万元)页面值（1），库值（1.00）
SELECT ROUND((SELECT sum(emergencyAccount)/10000 from bi_outpatient_yard where statisticsDate ="2019-3-22"),2)
 - 2020-05-19 10:19:03,472
INFO - 2.4.3 急诊收入(万元)，同比：-100.00% ↓ - 2020-05-19 10:19:03,879
INFO - 2.4.4 门急诊均次费(元)，380.16 - 2020-05-19 10:19:04,306
INFO - 2.4.4 门急诊均次费(元)，同期：133.33 - 2020-05-19 10:19:04,701
INFO - 2.4.4 门急诊均次费(元)，同比：185.12% ↑ - 2020-05-19 10:19:05,133
INFO - 2.4.5 门急诊药品收入(万元)，2.59 - 2020-05-19 10:19:05,533
ERROR - 2.4.5 门急诊药品收入(万元)页面值（0.2），库值（0.20）
SELECT round((SELECT sum(outPMedicateAccount)/10000 from bi_outpatient_yard where statisticsDate ="2019-3-22"),2)
 - 2020-05-19 10:19:05,945
INFO - 2.4.5 门急诊药品收入(万元)，同比：1195.11% ↑ - 2020-05-19 10:19:06,366
INFO - 2.4.6 门急诊药占比，38.93% - 2020-05-19 10:19:06,786
ERROR - 2.4.6 门急诊药占比，页面值（38.93%），库值（10.00%）
SELECT round((SELECT sum(outPMedicateRatio) from bi_outpatient_yard where statisticsDate ="2019-3-22"),2)
 - 2020-05-19 10:19:07,182
ERROR - 2.4.6 门急诊药占比，同比，页面值（289.30% ↑），库值（289.3）

 - 2020-05-19 10:19:07,614
INFO - 2.4.7 门急诊均次药品费用(元)，148.01 - 2020-05-19 10:19:08,016
ERROR - 2.4.7 门急诊均次药品费用(元)页面值（100），库值（13.33）
SELECT round(
(SELECT sum(outPMedicateAccount/registerCount)
from bi_outpatient_yard 
where statisticsDate ="2019-3-22"),2)
 - 2020-05-19 10:19:08,441
ERROR - 2.4.7 门急诊均次药品费用(元)，同比，页面值（48.01% ↑），库值（1010.35）

 - 2020-05-19 10:19:08,847
ERROR - 2.4.8 门急诊收入科室排名
页面：{'急诊内科': '27457.67', '急诊外科(新)': '13833.16', '急诊骨科(新)': '11727.06', '发热门诊': '9429.25', '急诊儿科(新)': '2447.67', '急诊妇科': '1153', '中医儿科': '479.39'}
库值：{'急诊内科': '27457.67', '急诊外科(新)': '13833.16', '急诊骨科(新)': '11727.06', '发热门诊': '9429.25', '急诊儿科(新)': '2447.67', '急诊妇科': '1153.00', '中医儿科': '479.39'}
SELECT deptname,round(outPAccount,2) from bi_outpatient_dept where statisticsDate ="2020-3-22" GROUP BY deptname ORDER BY outpaccount DESC LIMIT 10
 - 2020-05-19 10:19:25,454
INFO - ----------------------------------------------3.0，住院分析---------------------------------------------- - 2020-05-19 10:19:27,746
INFO - 3.1住院业务（2020-3-22) - - - - - - - - - - - - - - - - - - - - - - - - - - - - - - - 2020-05-19 10:19:27,746
INFO - 3.1.1 入院人次，19 - 2020-05-19 10:19:34,971
INFO - 3.1.2 出院人次，18 - 2020-05-19 10:19:35,234
INFO - 3.1.3 出院平均住院日(日)，12.17 - 2020-05-19 10:19:35,496
ERROR - 3.1.4 平均住院日科室情况
页面：{'肿瘤科': '29.00', '内分泌科': '26.50', '急诊科': '20.50', '消化内科': '10.75', '妇产科': '5.50', '呼吸内科': '3.50', '神经内科': '3.00', '心内科': '0.00', '肾内科': '0.00', '外科': '0.00'}
库值：{'肿瘤科': '29.00', '内分泌科': '26.50', '急诊科': '20.50', '消化内科': '10.75', '妇产科': '5.50', '呼吸内科': '3.50', '神经内科': '3.00', '外科': '0.00', '骨科': '0.00', '急诊内科': '0.00'}
select deptname,round(AVG(avgInPDay),2)t from bi_inpatient_dept where statisticsDate="2020-3-22" GROUP BY deptname ORDER BY t DESC LIMIT 10
 - 2020-05-19 10:19:55,299
ERROR - 3.1.5 出院人次科室情况
页面：{'呼吸内科': '4', '妇产科': '4', '消化内科': '4', '急诊科': '2', '内分泌科': '2', '神经内科': '1', '肿瘤科': '1', '外科': '0', '骨科': '0', '急诊内科': '0'}
库值：{'心内科': '17.00', '神经内科': '11.00', '外科': '11.00', '呼吸内科': '9.00', '消化内科': '9.00', '内分泌科': '9.00', '妇产科': '5.00', '肿瘤科': '5.00', '急诊科': '4.00', '骨科': '4.00'}
SELECT deptname,sum(inPCount) as t from bi_inpatient_dept where statisticsDate ="2020-3-22" GROUP BY deptname ORDER BY t DESC LIMIT 10
 - 2020-05-19 10:20:11,380
INFO - 3.2床位分析（2020-3-22) - - - - - - - - - - - - - - - - - - - - - - - - - - - - - - - 2020-05-19 10:20:11,502
INFO - 3.2.1 实际开放总床日数，1348 - 2020-05-19 10:20:19,133
INFO - 3.2.2 实际占用总床日数，88 - 2020-05-19 10:20:19,914
INFO - 3.2.3 出院者占用总床日数，219 - 2020-05-19 10:20:20,648
INFO - 3.2.4 平均开放床位数，1348 - 2020-05-19 10:20:21,392
INFO - 3.2.5 病床周转次数，0.01 - 2020-05-19 10:20:22,139
INFO - 3.2.6 床位使用率，6.53% - 2020-05-19 10:20:22,887
INFO - 3.2.7 平均每张床位工作日，0.16 - 2020-05-19 10:20:23,630
INFO - 3.2.8 病床工作日，0.07 - 2020-05-19 10:20:24,373
INFO - 3.2.9 出院患者平均住院日，12.17 - 2020-05-19 10:20:25,134
INFO - 3.3住院收入（2020-3-22,2020-3-22) - - - - - - - - - - - - - - - - - - - - - - - - - - - - - - - 2020-05-19 10:20:25,266
INFO - 3.3.1 医院总收入(万元)，6.72 - 2020-05-19 10:20:32,901
INFO - 3.3.2 住院总收入(万元)，0.07 - 2020-05-19 10:20:33,445
INFO - 3.3.3 住院均次费用(元)，7.78 - 2020-05-19 10:20:33,999
INFO - 3.3.4 住院药品收入(万元)，0.03 - 2020-05-19 10:20:34,587
INFO - 3.3.5 住院均次药品费用(元)，3.79 - 2020-05-19 10:20:35,143
INFO - 3.3.6 住院药占比，48.73% - 2020-05-19 10:20:35,687
ERROR - 3.3.7 住院收入科室情况
页面：{'外科': '692.05', '神经内科': '0', '心内科': '0', '骨科': '0', '急诊科': '0', '消化内科': '0', '呼吸内科': '0', '肿瘤科': '0', '急诊内科': '0', '内分泌科': '0'}
库值：{'外科': '692.05', '神经内科': '0.00', '心内科': '0.00', '骨科': '0.00', '急诊科': '0.00', '消化内科': '0.00', '呼吸内科': '0.00', '肿瘤科': '0.00', '急诊内科': '0.00', '内分泌科': '0.00'}
SELECT deptname,round(sum(inPAccount),2) from bi_inpatient_dept WHERE statisticsDate ="2020-3-22" GROUP BY deptname ORDER BY sum(inPAccount) DESC LIMIT 10
 - 2020-05-19 10:21:00,974
INFO - ----------------------------------------------4.0，药品分析---------------------------------------------- - 2020-05-19 10:21:03,290
INFO - 4.1基本用药分析（2020-3-22) - - - - - - - - - - - - - - - - - - - - - - - - - - - - - - - 2020-05-19 10:21:03,290
INFO - 4.1.1 药品收入(万元)，2.32 - 2020-05-19 10:21:10,751
INFO - 4.1.2 中成药收入(万元)，0.64 - 2020-05-19 10:21:11,187
INFO - 4.1.3 中药饮片(万元)，0 - 2020-05-19 10:21:11,621
INFO - 4.1.4 西医收入(万元)，1.68 - 2020-05-19 10:21:12,068
INFO - 4.1.5 医保目录外药品收入(万元)，1.56 - 2020-05-19 10:21:12,500
INFO - 4.1.6 药占比，34.52% - 2020-05-19 10:21:12,944
INFO - 4.2抗菌药物用药分析（2020-3-22,2020-3-22) - - - - - - - - - - - - - - - - - - - - - - - - - - - - - - - 2020-05-19 10:21:13,068
INFO - 4.2.1 抗菌药物药占比，0.27% - 2020-05-19 10:21:21,064
INFO - 4.2.2 门急诊抗菌药物均次费(元)，142 - 2020-05-19 10:21:21,606
ERROR - 4.2.3 门诊患者抗菌药物使用率，页面值（0%），库值（0.27%）

 - 2020-05-19 10:21:22,125
INFO - 4.2.4 急诊患者抗菌药物使用率，0% - 2020-05-19 10:21:22,650
INFO - 4.2.5 住院患者抗菌药物使用率，0% - 2020-05-19 10:21:23,171
INFO - 4.3注射输液用药分析（2020-3-22,2020-3-22) - - - - - - - - - - - - - - - - - - - - - - - - - - - - - - - 2020-05-19 10:21:23,300
INFO - 4.3.1 门急诊使用注射药物的百分比，0.35% - 2020-05-19 10:21:30,815
INFO - 4.3.2 门诊患者静脉输液使用率，27.16% - 2020-05-19 10:21:31,222
INFO - 4.3.3 住院患者抗菌药物使用率，0% - 2020-05-19 10:21:31,615
INFO - 4.3.4 住院患者静脉输液平均每床日使用袋（瓶）数，0.02 - 2020-05-19 10:21:32,020
INFO - 4.3.5 住院患者抗菌药物静脉输液占比，0% - 2020-05-19 10:21:32,431
ERROR - 4.3.6 急诊患者静脉输液使用率（0）, 页面上缺少% - 2020-05-19 10:21:32,832
INFO - ----------------------------------------------5.0，手术分析---------------------------------------------- - 2020-05-19 10:21:35,138
INFO - 5.1手术分析（2020-3-22) - - - - - - - - - - - - - - - - - - - - - - - - - - - - - - - 2020-05-19 10:21:35,138
INFO - 5.1.1 住院手术例数(例)，0 - 2020-05-19 10:21:42,510
INFO - 5.1.2 住院患者手术人次数(人次)，0 - 2020-05-19 10:21:42,973
INFO - 5.1.3 日间手术例数(例)，0 - 2020-05-19 10:21:43,373
INFO - 5.1.4 日间手术人次数(人次)，0 - 2020-05-19 10:21:43,795
INFO - 5.1.5 三四级手术占比(例)，0% - 2020-05-19 10:21:44,213
ERROR - 5.1.6 麻醉总例数(例)，页面值（0），库值（None）
SELECT sum(anaesthesiaNum) from bi_anaesthesia_hostipal WHERE anaesthesiaDate = "2020-3-22"
 - 2020-05-19 10:21:44,617
ERROR - 5.1.7 手术例数科室分析
页面：None
库值：{}
SELECT deptName,sum(oneLevelSurgical+twoLevelSurgical+threeLevelSurgical+fourLevelSurgical) as number from bi_patient_surgical_dept WHERE surgicalDate = "2020-3-22" GROUP BY deptname ORDER BY number  DESC LIMIT 10
 - 2020-05-19 10:22:19,984
ERROR - 5.1.8 手术主刀医生排名
页面：None
库值：{}
SELECT doctorName,sum(oneLevelSurgical+twoLevelSurgical+threeLevelSurgical+fourLevelSurgical) as number from bi_patient_surgical_doctor WHERE surgicalDate = "2020-3-22" GROUP BY doctorName ORDER BY number DESC LIMIT 10
 - 2020-05-19 10:22:56,703
ERROR - 5.1.9 手术排名
页面：None
库值：{}
SELECT surgicalName,sum(surgicalNum) from bi_surgical_name_hospital WHERE surgicalLevel in (1,2,3,4) and surgicalDate = "2020-3-22" GROUP BY surgicalName ORDER BY sum(surgicalNum) DESC LIMIT 10
 - 2020-05-19 10:23:33,276
