1497430690527	geckodriver	INFO	Listening on 127.0.0.1:58095
1497430691583	mozprofile::profile	INFO	Using profile path /var/folders/f7/4z7jtb213fs0mtgbw_0vs2600000gn/T/rust_mozprofile.PzQbryMYFe0B
1497430691584	geckodriver::marionette	INFO	Starting browser /Applications/Firefox.app/Contents/MacOS/firefox-bin
1497430691587	geckodriver::marionette	INFO	Connecting to Marionette on localhost:58100
1497430692239	Marionette	INFO	Listening on port 58100
1497430693777	Marionette	WARN	Using deprecated data structure for setting timeouts
2017-06-14 16:58:13.856 plugin-container[3073:231026] *** CFMessagePort: bootstrap_register(): failed 1100 (0x44c) 'Permission denied', port = 0x9b3b, name = 'com.apple.tsm.portname'
See /usr/include/servers/bootstrap_defs.h for the error codes.
2017-06-14 16:58:13.858 plugin-container[3073:231026] *** CFMessagePort: bootstrap_register(): failed 1100 (0x44c) 'Permission denied', port = 0x9e03, name = 'com.apple.CFPasteboardClient'
See /usr/include/servers/bootstrap_defs.h for the error codes.
JavaScript error: https://ss1.bdstatic.com/5eN1bjq8AAUYm2zgoY3K/r/www/cache/static/protocol/https/plugins/every_cookie_mac_82990d4.js, line 4: ReferenceError: c is not defined
1497430761823	geckodriver	INFO	Listening on 127.0.0.1:58143
1497430762880	mozprofile::profile	INFO	Using profile path /var/folders/f7/4z7jtb213fs0mtgbw_0vs2600000gn/T/rust_mozprofile.pZpnkrWPKMoK
1497430762881	geckodriver::marionette	INFO	Starting browser /Applications/Firefox.app/Contents/MacOS/firefox-bin
1497430762886	geckodriver::marionette	INFO	Connecting to Marionette on localhost:58148
1497430763547	Marionette	INFO	Listening on port 58148
1497430764994	Marionette	WARN	Using deprecated data structure for setting timeouts
2017-06-14 16:59:25.072 plugin-container[3093:232061] *** CFMessagePort: bootstrap_register(): failed 1100 (0x44c) 'Permission denied', port = 0x9b3b, name = 'com.apple.tsm.portname'
See /usr/include/servers/bootstrap_defs.h for the error codes.
2017-06-14 16:59:25.074 plugin-container[3093:232061] *** CFMessagePort: bootstrap_register(): failed 1100 (0x44c) 'Permission denied', port = 0x9e03, name = 'com.apple.CFPasteboardClient'
See /usr/include/servers/bootstrap_defs.h for the error codes.
JavaScript error: https://ss1.bdstatic.com/5eN1bjq8AAUYm2zgoY3K/r/www/cache/static/protocol/https/plugins/every_cookie_mac_82990d4.js, line 4: ReferenceError: c is not defined
1497430769381	Marionette	INFO	New connections will no longer be accepted
[NPAPI 3094] ###!!! ABORT: Aborting on channel error.: file /builds/slave/m-rel-m64-00000000000000000000/build/src/ipc/glue/MessageChannel.cpp, line 2143
[NPAPI 3094] ###!!! ABORT: Aborting on channel error.: file /builds/slave/m-rel-m64-00000000000000000000/build/src/ipc/glue/MessageChannel.cpp, line 2143
[Child 3093] ###!!! ABORT: Aborting on channel error.: file /builds/slave/m-rel-m64-00000000000000000000/build/src/ipc/glue/MessageChannel.cpp, line 2143
[Child 3093] ###!!! ABORT: Aborting on channel error.: file /builds/slave/m-rel-m64-00000000000000000000/build/src/ipc/glue/MessageChannel.cpp, line 2143
1497430917447	geckodriver	INFO	Listening on 127.0.0.1:58211
1497430918504	mozprofile::profile	INFO	Using profile path /var/folders/f7/4z7jtb213fs0mtgbw_0vs2600000gn/T/rust_mozprofile.vzlMdwOMKDpQ
1497430918505	geckodriver::marionette	INFO	Starting browser /Applications/Firefox.app/Contents/MacOS/firefox-bin
1497430918509	geckodriver::marionette	INFO	Connecting to Marionette on localhost:58216
1497430919161	Marionette	INFO	Listening on port 58216
1497430920637	Marionette	WARN	Using deprecated data structure for setting timeouts
2017-06-14 17:02:00.712 plugin-container[3117:234741] *** CFMessagePort: bootstrap_register(): failed 1100 (0x44c) 'Permission denied', port = 0x9b3b, name = 'com.apple.tsm.portname'
See /usr/include/servers/bootstrap_defs.h for the error codes.
2017-06-14 17:02:00.714 plugin-container[3117:234741] *** CFMessagePort: bootstrap_register(): failed 1100 (0x44c) 'Permission denied', port = 0x9e03, name = 'com.apple.CFPasteboardClient'
See /usr/include/servers/bootstrap_defs.h for the error codes.
JavaScript error: https://ss1.bdstatic.com/5eN1bjq8AAUYm2zgoY3K/r/www/cache/static/protocol/https/plugins/every_cookie_mac_82990d4.js, line 4: ReferenceError: c is not defined
1497430944677	geckodriver	INFO	Listening on 127.0.0.1:58244
1497430945725	mozprofile::profile	INFO	Using profile path /var/folders/f7/4z7jtb213fs0mtgbw_0vs2600000gn/T/rust_mozprofile.FPDOlCyAVAtM
1497430945725	geckodriver::marionette	INFO	Starting browser /Applications/Firefox.app/Contents/MacOS/firefox-bin
1497430945729	geckodriver::marionette	INFO	Connecting to Marionette on localhost:58249
1497430946371	Marionette	INFO	Listening on port 58249
1497430947860	Marionette	WARN	Using deprecated data structure for setting timeouts
2017-06-14 17:02:27.943 plugin-container[3126:235187] *** CFMessagePort: bootstrap_register(): failed 1100 (0x44c) 'Permission denied', port = 0x9b3b, name = 'com.apple.tsm.portname'
See /usr/include/servers/bootstrap_defs.h for the error codes.
2017-06-14 17:02:27.945 plugin-container[3126:235187] *** CFMessagePort: bootstrap_register(): failed 1100 (0x44c) 'Permission denied', port = 0x9e03, name = 'com.apple.CFPasteboardClient'
See /usr/include/servers/bootstrap_defs.h for the error codes.
JavaScript error: https://ss1.bdstatic.com/5eN1bjq8AAUYm2zgoY3K/r/www/cache/static/protocol/https/plugins/every_cookie_mac_82990d4.js, line 4: ReferenceError: c is not defined
1497431005130	geckodriver	INFO	Listening on 127.0.0.1:58284
1497431006182	mozprofile::profile	INFO	Using profile path /var/folders/f7/4z7jtb213fs0mtgbw_0vs2600000gn/T/rust_mozprofile.y6I96vBNQ4GT
1497431006184	geckodriver::marionette	INFO	Starting browser /Applications/Firefox.app/Contents/MacOS/firefox-bin
1497431006188	geckodriver::marionette	INFO	Connecting to Marionette on localhost:58289
1497431006836	Marionette	INFO	Listening on port 58289
1497431008313	Marionette	WARN	Using deprecated data structure for setting timeouts
2017-06-14 17:03:28.395 plugin-container[3135:235835] *** CFMessagePort: bootstrap_register(): failed 1100 (0x44c) 'Permission denied', port = 0x9b3b, name = 'com.apple.tsm.portname'
See /usr/include/servers/bootstrap_defs.h for the error codes.
2017-06-14 17:03:28.397 plugin-container[3135:235835] *** CFMessagePort: bootstrap_register(): failed 1100 (0x44c) 'Permission denied', port = 0x9e03, name = 'com.apple.CFPasteboardClient'
See /usr/include/servers/bootstrap_defs.h for the error codes.
JavaScript error: https://ss1.bdstatic.com/5eN1bjq8AAUYm2zgoY3K/r/www/cache/static/protocol/https/plugins/every_cookie_mac_82990d4.js, line 4: ReferenceError: c is not defined
1497431011145	Marionette	INFO	New connections will no longer be accepted
[Child 3135] ###!!! ABORT: Aborting on channel error.: file /builds/slave/m-rel-m64-00000000000000000000/build/src/ipc/glue/MessageChannel.cpp, line 2143
[Child 3135] ###!!! ABORT: Aborting on channel error.: file /builds/slave/m-rel-m64-00000000000000000000/build/src/ipc/glue/MessageChannel.cpp, line 2143
1497431160052	geckodriver	INFO	Listening on 127.0.0.1:58343
1497431161103	mozprofile::profile	INFO	Using profile path /var/folders/f7/4z7jtb213fs0mtgbw_0vs2600000gn/T/rust_mozprofile.iKMifq6qL905
1497431161103	geckodriver::marionette	INFO	Starting browser /Applications/Firefox.app/Contents/MacOS/firefox-bin
1497431161107	geckodriver::marionette	INFO	Connecting to Marionette on localhost:58348
1497431161741	Marionette	INFO	Listening on port 58348
1497431163185	Marionette	WARN	Using deprecated data structure for setting timeouts
2017-06-14 17:06:03.270 plugin-container[3161:237461] *** CFMessagePort: bootstrap_register(): failed 1100 (0x44c) 'Permission denied', port = 0x9b3b, name = 'com.apple.tsm.portname'
See /usr/include/servers/bootstrap_defs.h for the error codes.
2017-06-14 17:06:03.272 plugin-container[3161:237461] *** CFMessagePort: bootstrap_register(): failed 1100 (0x44c) 'Permission denied', port = 0x9e03, name = 'com.apple.CFPasteboardClient'
See /usr/include/servers/bootstrap_defs.h for the error codes.
JavaScript error: https://ss1.bdstatic.com/5eN1bjq8AAUYm2zgoY3K/r/www/cache/static/protocol/https/plugins/every_cookie_mac_82990d4.js, line 4: ReferenceError: c is not defined
1497431257113	geckodriver	INFO	Listening on 127.0.0.1:58501
1497431258172	mozprofile::profile	INFO	Using profile path /var/folders/f7/4z7jtb213fs0mtgbw_0vs2600000gn/T/rust_mozprofile.qNA5zuZufhEz
1497431258173	geckodriver::marionette	INFO	Starting browser /Applications/Firefox.app/Contents/MacOS/firefox-bin
1497431258177	geckodriver::marionette	INFO	Connecting to Marionette on localhost:58506
1497431258838	Marionette	INFO	Listening on port 58506
1497431260339	Marionette	WARN	Using deprecated data structure for setting timeouts
2017-06-14 17:07:40.408 plugin-container[3190:238733] *** CFMessagePort: bootstrap_register(): failed 1100 (0x44c) 'Permission denied', port = 0x9b3b, name = 'com.apple.tsm.portname'
See /usr/include/servers/bootstrap_defs.h for the error codes.
2017-06-14 17:07:40.410 plugin-container[3190:238733] *** CFMessagePort: bootstrap_register(): failed 1100 (0x44c) 'Permission denied', port = 0x9e03, name = 'com.apple.CFPasteboardClient'
See /usr/include/servers/bootstrap_defs.h for the error codes.
JavaScript error: https://ss1.bdstatic.com/5eN1bjq8AAUYm2zgoY3K/r/www/cache/static/protocol/https/plugins/every_cookie_mac_82990d4.js, line 4: ReferenceError: c is not defined
JavaScript error: http://www.163.com/, line 8297: ReferenceError: vjTrack is not defined
JavaScript error: , line 0: Error: Permission denied to access property "href"
JavaScript error: , line 0: Error: Permission denied to access property "href"
JavaScript error: , line 0: Error: Permission denied to access property "href"
JavaScript error: , line 0: Error: Permission denied to access property "href"
JavaScript error: , line 0: Error: Permission denied to access property "href"
JavaScript error: , line 0: Error: Permission denied to access property "href"
JavaScript error: , line 0: Error: Permission denied to access property "href"
JavaScript error: , line 0: Error: Permission denied to access property "href"
JavaScript error: , line 0: Error: Permission denied to access property "href"
JavaScript error: jar:file:///Applications/Firefox.app/Contents/Resources/omni.ja!/components/PeerConnection.js, line 1347: TypeError: can't access dead object
*************************
A coding exception was thrown and uncaught in a Task.

Full message: TypeError: NetworkError when attempting to fetch resource.
Full stack: 
*************************
1497431330597	geckodriver	INFO	Listening on 127.0.0.1:58887
1497431331660	mozprofile::profile	INFO	Using profile path /var/folders/f7/4z7jtb213fs0mtgbw_0vs2600000gn/T/rust_mozprofile.whSyIcbFBJ1b
1497431331661	geckodriver::marionette	INFO	Starting browser /Applications/Firefox.app/Contents/MacOS/firefox-bin
1497431331663	geckodriver::marionette	INFO	Connecting to Marionette on localhost:58892
1497431332319	Marionette	INFO	Listening on port 58892
1497431333773	Marionette	WARN	Using deprecated data structure for setting timeouts
2017-06-14 17:08:53.867 plugin-container[3201:240451] *** CFMessagePort: bootstrap_register(): failed 1100 (0x44c) 'Permission denied', port = 0x9b3b, name = 'com.apple.tsm.portname'
See /usr/include/servers/bootstrap_defs.h for the error codes.
2017-06-14 17:08:53.869 plugin-container[3201:240451] *** CFMessagePort: bootstrap_register(): failed 1100 (0x44c) 'Permission denied', port = 0x9e03, name = 'com.apple.CFPasteboardClient'
See /usr/include/servers/bootstrap_defs.h for the error codes.
JavaScript error: https://ss1.bdstatic.com/5eN1bjq8AAUYm2zgoY3K/r/www/cache/static/protocol/https/plugins/every_cookie_mac_82990d4.js, line 4: ReferenceError: c is not defined
1497431379778	geckodriver	INFO	Listening on 127.0.0.1:59041
1497431380834	mozprofile::profile	INFO	Using profile path /var/folders/f7/4z7jtb213fs0mtgbw_0vs2600000gn/T/rust_mozprofile.M5w7yx3xSZNn
1497431380835	geckodriver::marionette	INFO	Starting browser /Applications/Firefox.app/Contents/MacOS/firefox-bin
1497431380839	geckodriver::marionette	INFO	Connecting to Marionette on localhost:59046
1497431381489	Marionette	INFO	Listening on port 59046
1497431382987	Marionette	WARN	Using deprecated data structure for setting timeouts
2017-06-14 17:09:43.075 plugin-container[3218:241270] *** CFMessagePort: bootstrap_register(): failed 1100 (0x44c) 'Permission denied', port = 0x9b3b, name = 'com.apple.tsm.portname'
See /usr/include/servers/bootstrap_defs.h for the error codes.
2017-06-14 17:09:43.075 plugin-container[3218:241270] *** CFMessagePort: bootstrap_register(): failed 1100 (0x44c) 'Permission denied', port = 0x9e03, name = 'com.apple.CFPasteboardClient'
See /usr/include/servers/bootstrap_defs.h for the error codes.
JavaScript error: https://ss1.bdstatic.com/5eN1bjq8AAUYm2zgoY3K/r/www/cache/static/protocol/https/plugins/every_cookie_mac_82990d4.js, line 4: ReferenceError: c is not defined
*************************
A coding exception was thrown and uncaught in a Task.

Full message: TypeError: NetworkError when attempting to fetch resource.
Full stack: 
*************************
*************************
A coding exception was thrown and uncaught in a Task.

Full message: TypeError: NetworkError when attempting to fetch resource.
Full stack: 
*************************
*************************
A coding exception was thrown and uncaught in a Task.

Full message: TypeError: NetworkError when attempting to fetch resource.
Full stack: 
*************************
*************************
A coding exception was thrown and uncaught in a Task.

Full message: TypeError: NetworkError when attempting to fetch resource.
Full stack: 
*************************
*************************
A coding exception was thrown and uncaught in a Task.

Full message: TypeError: NetworkError when attempting to fetch resource.
Full stack: 
*************************
*************************
A coding exception was thrown and uncaught in a Task.

Full message: TypeError: NetworkError when attempting to fetch resource.
Full stack: 
*************************

###!!! [Child][MessageChannel] Error: (msgtype=0x4600AE,name=PContent::Msg_ConsoleMessage) Channel closing: too late to send/recv, messages will be lost

1500950603222	geckodriver	INFO	Listening on 127.0.0.1:49969
1500950604278	mozprofile::profile	INFO	Using profile path /var/folders/f7/4z7jtb213fs0mtgbw_0vs2600000gn/T/rust_mozprofile.Q4BMDSn4WYIm
1500950604279	geckodriver::marionette	INFO	Starting browser /Applications/Firefox.app/Contents/MacOS/firefox-bin
1500950604283	geckodriver::marionette	INFO	Connecting to Marionette on localhost:49974
1500950604939	Marionette	INFO	Listening on port 49974
1500950606404	Marionette	WARN	Using deprecated data structure for setting timeouts
2017-07-25 10:43:26.485 plugin-container[985:36196] *** CFMessagePort: bootstrap_register(): failed 1100 (0x44c) 'Permission denied', port = 0x9b3b, name = 'com.apple.tsm.portname'
See /usr/include/servers/bootstrap_defs.h for the error codes.
2017-07-25 10:43:26.486 plugin-container[985:36196] *** CFMessagePort: bootstrap_register(): failed 1100 (0x44c) 'Permission denied', port = 0x9e03, name = 'com.apple.CFPasteboardClient'
See /usr/include/servers/bootstrap_defs.h for the error codes.
*************************
A coding exception was thrown and uncaught in a Task.

Full message: TypeError: NetworkError when attempting to fetch resource.
Full stack: 
*************************
1500951787389	geckodriver	INFO	Listening on 127.0.0.1:50254
1500951788456	mozprofile::profile	INFO	Using profile path /var/folders/f7/4z7jtb213fs0mtgbw_0vs2600000gn/T/rust_mozprofile.RKtmG6XGjvoL
1500951788457	geckodriver::marionette	INFO	Starting browser /Applications/Firefox.app/Contents/MacOS/firefox-bin
1500951788461	geckodriver::marionette	INFO	Connecting to Marionette on localhost:50259
1500951789282	Marionette	INFO	Listening on port 50259
1500951791031	Marionette	WARN	Using deprecated data structure for setting timeouts
2017-07-25 11:03:11.097 plugin-container[1415:48893] *** CFMessagePort: bootstrap_register(): failed 1100 (0x44c) 'Permission denied', port = 0x9b3b, name = 'com.apple.tsm.portname'
See /usr/include/servers/bootstrap_defs.h for the error codes.
2017-07-25 11:03:11.099 plugin-container[1415:48893] *** CFMessagePort: bootstrap_register(): failed 1100 (0x44c) 'Permission denied', port = 0x9e03, name = 'com.apple.CFPasteboardClient'
See /usr/include/servers/bootstrap_defs.h for the error codes.
1500951843959	geckodriver	INFO	Listening on 127.0.0.1:50282
1500951845016	mozprofile::profile	INFO	Using profile path /var/folders/f7/4z7jtb213fs0mtgbw_0vs2600000gn/T/rust_mozprofile.u0C3Irjcihan
1500951845017	geckodriver::marionette	INFO	Starting browser /Applications/Firefox.app/Contents/MacOS/firefox-bin
1500951845022	geckodriver::marionette	INFO	Connecting to Marionette on localhost:50287
1500951845766	Marionette	INFO	Listening on port 50287
1500951847322	Marionette	WARN	Using deprecated data structure for setting timeouts
2017-07-25 11:04:07.399 plugin-container[1441:50022] *** CFMessagePort: bootstrap_register(): failed 1100 (0x44c) 'Permission denied', port = 0x9b3b, name = 'com.apple.tsm.portname'
See /usr/include/servers/bootstrap_defs.h for the error codes.
2017-07-25 11:04:07.402 plugin-container[1441:50022] *** CFMessagePort: bootstrap_register(): failed 1100 (0x44c) 'Permission denied', port = 0x9e03, name = 'com.apple.CFPasteboardClient'
See /usr/include/servers/bootstrap_defs.h for the error codes.
1500951849158	geckodriver	INFO	Listening on 127.0.0.1:50307
1500951850215	mozprofile::profile	INFO	Using profile path /var/folders/f7/4z7jtb213fs0mtgbw_0vs2600000gn/T/rust_mozprofile.oKPKa9VDdSkS
1500951850216	geckodriver::marionette	INFO	Starting browser /Applications/Firefox.app/Contents/MacOS/firefox-bin
1500951850220	geckodriver::marionette	INFO	Connecting to Marionette on localhost:50314
1500951850879	Marionette	INFO	Listening on port 50314
1500951852465	Marionette	WARN	Using deprecated data structure for setting timeouts
2017-07-25 11:04:12.540 plugin-container[1447:50238] *** CFMessagePort: bootstrap_register(): failed 1100 (0x44c) 'Permission denied', port = 0x9b37, name = 'com.apple.tsm.portname'
See /usr/include/servers/bootstrap_defs.h for the error codes.
2017-07-25 11:04:12.542 plugin-container[1447:50238] *** CFMessagePort: bootstrap_register(): failed 1100 (0x44c) 'Permission denied', port = 0x9e03, name = 'com.apple.CFPasteboardClient'
See /usr/include/servers/bootstrap_defs.h for the error codes.
*************************
A coding exception was thrown and uncaught in a Task.

Full message: TypeError: NetworkError when attempting to fetch resource.
Full stack: 
*************************
*************************
A coding exception was thrown and uncaught in a Task.

Full message: TypeError: NetworkError when attempting to fetch resource.
Full stack: 
*************************
*************************
A coding exception was thrown and uncaught in a Task.

Full message: TypeError: NetworkError when attempting to fetch resource.
Full stack: 
*************************
1500952523257	addons.productaddons	WARN	Failed downloading via XHR, status: 0, reason: error
