[0408/155042.329:ERROR:process_info.cc(359)] UncheckedAllocate
[0408/155051.499:ERROR:process_reader_win.cc(151)] SuspendThread: 拒绝访问。 (0x5)
[0408/155051.509:ERROR:exception_snapshot_win.cc(98)] thread ID 33516 not found in process
[0408/155051.557:ERROR:file_io_win.cc(170)] CreateFile C:\Users\ZY\AppData\Local\Temp\scoped_dir11536_731133311\Crashpad\reports\786cf24f-f0a3-4328-bbf6-c6ff0fabee19.dmp: 系统找不到指定的路径。 (0x3)
[0408/155051.558:ERROR:crash_report_exception_handler.cc(97)] PrepareNewCrashReport failed
[0408/155051.574:ERROR:file_io_win.cc(170)] CreateFile C:\Users\ZY\AppData\Local\Temp\scoped_dir3960_991267935\Crashpad\reports\13203300-fab7-4fd6-8902-ac48be2aade3.dmp: 系统找不到指定的路径。 (0x3)
[0408/155051.575:ERROR:crash_report_exception_handler.cc(97)] PrepareNewCrashReport failed
[0408/155051.602:ERROR:process_info.cc(359)] UncheckedAllocate
[0408/155051.630:ERROR:process_info.cc(359)] UncheckedAllocate
[0408/155051.644:ERROR:process_info.cc(359)] UncheckedAllocate
[0408/155051.658:ERROR:process_info.cc(359)] UncheckedAllocate
[0408/155051.810:ERROR:process_info.cc(359)] UncheckedAllocate
[0408/155051.844:ERROR:process_info.cc(359)] UncheckedAllocate
[0408/155051.916:ERROR:file_io_win.cc(170)] CreateFile C:\Users\ZY\AppData\Local\Temp\scoped_dir23720_1679996326\Crashpad\reports\586f5198-d25c-40c2-a4f6-f3fa41e61e2b.dmp: 系统找不到指定的路径。 (0x3)
[0408/155051.917:ERROR:crash_report_exception_handler.cc(97)] PrepareNewCrashReport failed
[0408/155114.054:ERROR:http_transport_win.cc(276)] WinHttpSendRequest: 操作成功完成。 (0x0)
[0408/155114.158:ERROR:http_transport_win.cc(276)] WinHttpSendRequest: 操作成功完成。 (0x0)
[0408/155114.158:ERROR:http_transport_win.cc(276)] WinHttpSendRequest: 操作成功完成。 (0x0)
[0408/155114.201:ERROR:http_transport_win.cc(276)] WinHttpSendRequest: 操作成功完成。 (0x0)
[0408/155114.201:ERROR:http_transport_win.cc(276)] WinHttpSendRequest: 操作成功完成。 (0x0)
[0408/155115.544:ERROR:http_transport_win.cc(276)] WinHttpSendRequest: 操作成功完成。 (0x0)
[0430/161630.549:ERROR:process_reader_win.cc(123)] NtOpenThread: {无法访问} 过程已请求访问一对象，但未给访问权限。 (0xc0000022)
[0430/161630.562:ERROR:process_reader_win.cc(123)] NtOpenThread: {无法访问} 过程已请求访问一对象，但未给访问权限。 (0xc0000022)
[0430/161630.645:ERROR:exception_snapshot_win.cc(98)] thread ID 10616 not found in process
[0430/161630.645:ERROR:exception_snapshot_win.cc(98)] thread ID 16468 not found in process
[0430/173215.964:ERROR:process_reader_win.cc(123)] NtOpenThread: {无法访问} 过程已请求访问一对象，但未给访问权限。 (0xc0000022)
[0430/173215.964:ERROR:exception_snapshot_win.cc(98)] thread ID 7692 not found in process
[0430/173216.010:ERROR:process_reader_win.cc(123)] NtOpenThread: {无法访问} 过程已请求访问一对象，但未给访问权限。 (0xc0000022)
[0430/173216.010:ERROR:exception_snapshot_win.cc(98)] thread ID 4184 not found in process
[0430/173216.053:ERROR:process_reader_win.cc(123)] NtOpenThread: {无法访问} 过程已请求访问一对象，但未给访问权限。 (0xc0000022)
[0430/173216.054:ERROR:exception_snapshot_win.cc(98)] thread ID 13416 not found in process
[0430/173216.089:ERROR:process_reader_win.cc(123)] NtOpenThread: {无法访问} 过程已请求访问一对象，但未给访问权限。 (0xc0000022)
[0430/173216.089:ERROR:exception_snapshot_win.cc(98)] thread ID 8748 not found in process
[0430/174238.257:ERROR:process_reader_win.cc(123)] NtOpenThread: {无法访问} 过程已请求访问一对象，但未给访问权限。 (0xc0000022)
[0430/174238.258:ERROR:exception_snapshot_win.cc(98)] thread ID 13068 not found in process
[0430/174238.301:ERROR:process_reader_win.cc(123)] NtOpenThread: {无法访问} 过程已请求访问一对象，但未给访问权限。 (0xc0000022)
[0430/174238.301:ERROR:exception_snapshot_win.cc(98)] thread ID 16696 not found in process
[0430/174501.823:ERROR:process_reader_win.cc(123)] NtOpenThread: {无法访问} 过程已请求访问一对象，但未给访问权限。 (0xc0000022)
[0430/174501.825:ERROR:exception_snapshot_win.cc(98)] thread ID 16284 not found in process
[0430/174501.881:ERROR:process_reader_win.cc(123)] NtOpenThread: {无法访问} 过程已请求访问一对象，但未给访问权限。 (0xc0000022)
[0430/174501.881:ERROR:exception_snapshot_win.cc(98)] thread ID 10636 not found in process
