2020-06-09 10:45:04.007 [INFO ] com.benetech.rules.RulesApplication                - [logStarting:55] Starting RulesApplication v1.0-SNAPSHOT on DESKTOP-EOCO1V0 with PID 3928 (D:\51\python\project\instance\zyjk\EHR\controlRuleNew\config\healthRecordRules.jar started by ZY in D:\51\python\project\instance\zyjk\EHR\controlRuleNew\config) 
2020-06-09 10:45:04.047 [DEBUG] com.benetech.rules.RulesApplication                - [logStarting:56] Running with Spring Boot v2.2.1.RELEASE, Spring v5.2.1.RELEASE 
2020-06-09 10:45:04.048 [INFO ] com.benetech.rules.RulesApplication                - [logStartupProfileInfo:655] The following profiles are active: test 
2020-06-09 10:45:05.474 [INFO ] o.s.boot.web.embedded.tomcat.TomcatWebServer       - [initialize:92] Tomcat initialized with port(s): 8080 (http) 
2020-06-09 10:45:05.490 [INFO ] org.apache.coyote.http11.Http11NioProtocol         - [log:173] Initializing ProtocolHandler ["http-nio-8080"] 
2020-06-09 10:45:05.490 [INFO ] org.apache.catalina.core.StandardService           - [log:173] Starting service [Tomcat] 
2020-06-09 10:45:05.490 [INFO ] org.apache.catalina.core.StandardEngine            - [log:173] Starting Servlet engine: [Apache Tomcat/9.0.27] 
2020-06-09 10:45:05.568 [INFO ] o.a.c.c.C.[.[localhost].[/healthRecordRules]       - [log:173] Initializing Spring embedded WebApplicationContext 
2020-06-09 10:45:05.568 [INFO ] org.springframework.web.context.ContextLoader      - [prepareWebApplicationContext:284] Root WebApplicationContext: initialization completed in 1466 ms 
2020-06-09 10:45:05.643 [DEBUG] org.apache.ibatis.logging.LogFactory               - [setImplementation:135] Logging initialized using 'class org.apache.ibatis.logging.slf4j.Slf4jImpl' adapter. 
2020-06-09 10:45:05.926 [WARN ] org.mybatis.spring.SqlSessionFactoryBean           - [buildSqlSessionFactory:467] Can't find class in '[com.benetech.rules.*.entity]' package. Please check your configuration. 
2020-06-09 10:45:06.563 [INFO ] com.alibaba.druid.pool.DruidDataSource             - [init:930] {dataSource-1} inited 
2020-06-09 10:45:06.782 [DEBUG] c.b.r.m.e.mapper.RuleEngineMapper.getAllRules      - [debug:159] ==>  Preparing: select a.RuleId as ruleId, a.RuleSql as clazz from HrRule a join HrRuleProps b on a.RuleId = b.RuleId where -- RuleId in ('34278f71cf1d42c88158aaf637fa5203', '8d30baa03bfc4233a8f115c57a0ebf08', '63eb82a44bf64c96a0b9023fa2a3c9d9') a.RuleSql != '' and a.RuleSql is not null and b.Enable = 1  
2020-06-09 10:45:06.802 [DEBUG] c.b.r.m.e.mapper.RuleEngineMapper.getAllRules      - [debug:159] ==> Parameters:  
2020-06-09 10:45:06.880 [DEBUG] c.b.r.m.e.mapper.RuleEngineMapper.getAllRules      - [debug:159] <==      Total: 308 
2020-06-09 10:45:07.078 [INFO ] c.b.r.m.engine.service.impl.RuleEngineServiceImpl  - [init:64] 加载规则：308 条 
2020-06-09 10:45:07.091 [DEBUG] c.b.r.m.m.mapper.EhrModelBuildMapper.getAllCode    - [debug:159] ==>  Preparing: SELECT codeSysType AS type, code AS code, [value] AS value FROM tb_code_value WHERE code != '' AND [value] != ''  
2020-06-09 10:45:07.093 [DEBUG] c.b.r.m.m.mapper.EhrModelBuildMapper.getAllCode    - [debug:159] ==> Parameters:  
2020-06-09 10:45:07.510 [DEBUG] c.b.r.m.m.mapper.EhrModelBuildMapper.getAllCode    - [debug:159] <==      Total: 44881 
2020-06-09 10:45:07.535 [INFO ] c.b.r.m.m.service.impl.EhrModelBuildServiceImpl    - [init:92] 初始化字典类型: 467 种 
2020-06-09 10:45:07.536 [INFO ] c.b.r.m.m.service.impl.EhrModelBuildServiceImpl    - [init:93] 初始化字典: 44881 条 
2020-06-09 10:45:07.664 [INFO ] o.s.scheduling.concurrent.ThreadPoolTaskExecutor   - [initialize:171] Initializing ExecutorService 'applicationTaskExecutor' 
2020-06-09 10:45:07.856 [INFO ] org.apache.coyote.http11.Http11NioProtocol         - [log:173] Starting ProtocolHandler ["http-nio-8080"] 
2020-06-09 10:45:07.896 [INFO ] o.s.boot.web.embedded.tomcat.TomcatWebServer       - [start:204] Tomcat started on port(s): 8080 (http) with context path '/healthRecordRules' 
2020-06-09 10:45:07.901 [INFO ] com.benetech.rules.RulesApplication                - [logStarted:61] Started RulesApplication in 4.462 seconds (JVM running for 4.917) 
2020-06-09 10:45:07.903 [INFO ] com.benetech.rules.RulesApplication                - [main:20] -------------启动成功------------- 
2020-06-09 10:52:38.335 [INFO ] o.a.c.c.C.[.[localhost].[/healthRecordRules]       - [log:173] Initializing Spring DispatcherServlet 'dispatcherServlet' 
2020-06-09 10:52:38.337 [INFO ] org.springframework.web.servlet.DispatcherServlet  - [initServletBean:525] Initializing Servlet 'dispatcherServlet' 
2020-06-09 10:52:38.347 [INFO ] org.springframework.web.servlet.DispatcherServlet  - [initServletBean:547] Completed initialization in 9 ms 
2020-06-09 10:52:38.420 [DEBUG] c.b.r.m.m.m.CoverBuildMapper.queryByArchiveNum     - [debug:159] ==>  Preparing: select Name as name, Phone as phone, Province as registerProvinceName, ProvinceCode as registerProvinceCode, City as registerCityName, CityCode as registerCityCode, District as registerDistrictName, DistrictCode as registerDistrictCode, permanentNeighborhood as registerNeighborhoodName, permanentNeighborhoodCode as registerNeighborhoodCode, permanentVillageName as registerVillageName, permanentVillageCode as registerVillageCode, PermanentAddress as registerAddress, Neighborhood as currentNeighborhoodName, NeighborhoodCode as currentNeighborhoodCode, VillageName as currentVillageName, VillageCode as currentVillageCode, PresentAddress as currentAddress, ArchiveUnit as archiveUnit, Archiver as archiver, ResponsibleDoctor as responsibleDoctor, DateOfCreateArchive as dateOfCreateArchive from HrCover where ArchiveNum = ?  
2020-06-09 10:52:38.426 [DEBUG] c.b.r.m.m.m.CoverBuildMapper.queryByArchiveNum     - [debug:159] ==> Parameters: 31011310200312009116(String) 
2020-06-09 10:52:38.434 [DEBUG] c.b.r.m.m.m.CoverBuildMapper.queryByArchiveNum     - [debug:159] <==      Total: 1 
2020-06-09 10:52:38.440 [DEBUG] c.b.r.m.m.m.B.queryByArchiveNum                    - [debug:159] ==>  Preparing: select Id as id, Name as name, Sex as sex, DateOfBirth as dateOfBirth, IdCard as idCard, WorkUnit as workUnit, Phone as phone, ContactsName as contactsName, ContactsPhone as contactsPhone, ResidenceType as residenceType, NationCode as nationCode, BloodType as bloodType, RhBloodType as rhBloodType, Degree as degree, Occupation as occupation, MaritalStatus as maritalStatus, HeredityHistoryFlag as heredityHistoryFlag, EnvironmentKitchenAeration as environmentKitchenAeration, EnvironmentFuelType as environmentFuelType, EnvironmentWater as environmentWater, EnvironmentToilet as environmentToilet, EnvironmentCorral as environmentCorral from HrPersonBasicInfo where archiveNum = ?  
2020-06-09 10:52:38.441 [DEBUG] c.b.r.m.m.m.B.queryByArchiveNum                    - [debug:159] ==> Parameters: 31011310200312009116(String) 
2020-06-09 10:52:38.453 [DEBUG] c.b.r.m.m.m.B.queryByArchiveNum                    - [debug:159] <==      Total: 1 
2020-06-09 10:52:38.460 [DEBUG] c.b.r.m.m.m.B.getAssociationInfo                   - [debug:159] ==>  Preparing: select associationType as associationType, code as code, msg as msg, occurDate as occurDate from HrAssociationInfo where Pid = ? and TableSource = 'HrPersonBasicInfo'  
2020-06-09 10:52:38.461 [DEBUG] c.b.r.m.m.m.B.getAssociationInfo                   - [debug:159] ==> Parameters: 1(Integer) 
2020-06-09 10:52:38.471 [DEBUG] c.b.r.m.m.m.B.getAssociationInfo                   - [debug:159] <==      Total: 15 
2020-06-09 10:52:38.477 [DEBUG] c.b.r.modules.model.mapper.SignMapper.queryById    - [debug:159] ==>  Preparing: select JMXM as name, SJHM as phone from QYYH where sfzh = ?  
2020-06-09 10:52:38.478 [DEBUG] c.b.r.modules.model.mapper.SignMapper.queryById    - [debug:159] ==> Parameters: 110101199003071970(String) 
2020-06-09 10:52:38.486 [DEBUG] c.b.r.modules.model.mapper.SignMapper.queryById    - [debug:159] <==      Total: 1 
2020-06-09 10:52:38.491 [DEBUG] c.b.r.m.model.mapper.IpBuildMapper.queryInfoList   - [debug:159] ==>  Preparing: SELECT t3.HospitalLevel as orgLevel, t1.orgCode as orgCode, t1.ipVisitStrNo as streamNo, t1.admissionDate as inMedicalDate, t1.dischargeDate as outMedicalDate, t2.sexCode as sex, t2.dateOfBirth as dateOfBirth, t2.name as name, t2.phoneNum as phone FROM tb_his_ip_medical_record t1 LEFT JOIN tb_empi_index_root t2 ON t2.guid = t1.empiGuid LEFT JOIN t_dic_hospital_info t3 on t3.Hospital_id = t1.orgCode WHERE t2.idCardNo = ?  
2020-06-09 10:52:38.492 [DEBUG] c.b.r.m.model.mapper.IpBuildMapper.queryInfoList   - [debug:159] ==> Parameters: 110101199003071970(String) 
2020-06-09 10:52:38.500 [DEBUG] c.b.r.m.model.mapper.IpBuildMapper.queryInfoList   - [debug:159] <==      Total: 0 
2020-06-09 10:52:38.504 [ERROR] c.b.r.m.model.service.impl.IpBuildServiceImpl      - [buildHospitalInfo:34] 获取ipData1 
2020-06-09 10:52:38.505 [ERROR] c.b.r.m.model.service.impl.IpBuildServiceImpl      - [buildHospitalInfo:35] 0 
2020-06-09 10:52:38.507 [DEBUG] c.b.r.m.model.mapper.OpBuildMapper.queryInfoList   - [debug:159] ==>  Preparing: SELECT t3.HospitalLevel as orgLevel, t1.orgCode as orgCode, t1.opVisitStrNo as streamNo, t1.visitTime as medicalDate, t2.name as name, t2.phoneNum as phone FROM tb_his_op_medical_record t1 LEFT JOIN tb_empi_index_root t2 ON t2.guid = t1.empiGuid left join t_dic_hospital_info t3 on t3.Hospital_id = t1.orgCode WHERE t2.idCardNo = ?  
2020-06-09 10:52:38.507 [DEBUG] c.b.r.m.model.mapper.OpBuildMapper.queryInfoList   - [debug:159] ==> Parameters: 110101199003071970(String) 
2020-06-09 10:52:38.515 [DEBUG] c.b.r.m.model.mapper.OpBuildMapper.queryInfoList   - [debug:159] <==      Total: 0 
2020-06-09 10:52:38.519 [ERROR] c.b.r.m.model.service.impl.OpBuildServiceImpl      - [buildOutpatientInfo:31] 获取op的data 
2020-06-09 10:52:38.520 [ERROR] c.b.r.m.model.service.impl.OpBuildServiceImpl      - [buildOutpatientInfo:32] 0 
2020-06-09 10:52:38.622 [INFO ] c.b.r.m.engine.service.impl.RuleEngineServiceImpl  - [onSuccess:92] 符合规则为:婚姻超出字典范围婚姻状况不在字典范围内（1 未婚  2 已婚  3 丧偶  4 离婚  5 未说明的婚姻状况 ） 
2020-06-09 10:52:38.625 [INFO ] c.b.r.m.engine.service.impl.RuleEngineServiceImpl  - [onSuccess:92] 符合规则为:个人基本信息表本人电话固定电话长度异常（不含区号） 
2020-06-09 10:52:38.627 [INFO ] c.b.r.m.engine.service.impl.RuleEngineServiceImpl  - [onSuccess:92] 符合规则为:个人基本信息表既往史既往史疾病确诊时间未填写 
2020-06-09 10:52:38.633 [INFO ] c.b.r.m.engine.service.impl.RuleEngineServiceImpl  - [onSuccess:92] 符合规则为:固定电话长度异常（不含区号）同时满足以下条件： 1、联系人电话不为空值 2、联系人电话为固定电话（不是1和0开头判断为固定电话） 3、号码长度小于7位或大于8位 
2020-06-09 10:52:38.645 [INFO ] c.b.r.m.engine.service.impl.RuleEngineServiceImpl  - [onSuccess:92] 符合规则为:医疗费用支付方式超出字典范围医疗费用支付方式不在字典范围内（1 城镇职工基本医疗保险  2 城镇居民基本医疗保险  3 新型农村合作医疗  4 贫困救助  5 商业医疗保险   6 全公费  7 全自费  8 其他 ） 
2020-06-09 10:52:38.646 [INFO ] c.b.r.m.engine.service.impl.RuleEngineServiceImpl  - [onSuccess:92] 符合规则为:既往史手术未填写既往史手术为空值 
2020-06-09 10:52:38.648 [INFO ] c.b.r.m.engine.service.impl.RuleEngineServiceImpl  - [onSuccess:92] 符合规则为:既往史输血未填写既往史输血为空值 
2020-06-09 10:52:38.650 [INFO ] c.b.r.m.engine.service.impl.RuleEngineServiceImpl  - [onSuccess:92] 符合规则为:联系电话不为纯数字同时满足以下条件： 1、联系电话不为空值 2、联系电话不是纯数字 
2020-06-09 10:52:38.655 [INFO ] c.b.r.m.m.service.impl.EhrModelBuildServiceImpl    - [saveResult:148] 规则执行结束结果条数为:8 
2020-06-09 10:52:38.681 [DEBUG] c.b.r.m.m.mapper.EhrModelBuildMapper.saveResult    - [debug:159] ==>  Preparing: insert into HrRuleRecord(RecordId, ArchiveNum, RuleId, RecordTime, Ispass) values (NEWID(), ?, ?, ?, 1) , (NEWID(), ?, ?, ?, 1) , (NEWID(), ?, ?, ?, 1) , (NEWID(), ?, ?, ?, 1) , (NEWID(), ?, ?, ?, 1) , (NEWID(), ?, ?, ?, 1) , (NEWID(), ?, ?, ?, 1) , (NEWID(), ?, ?, ?, 1)  
2020-06-09 10:52:38.686 [DEBUG] c.b.r.m.m.mapper.EhrModelBuildMapper.saveResult    - [debug:159] ==> Parameters: 31011310200312009116(String), 41eaf8c413c84f89a816aa51db357fc3(String), 2020-06-09 10:52:38.656(Timestamp), 31011310200312009116(String), 5f7ecb11a3894e1d83e68322c3e3071d(String), 2020-06-09 10:52:38.656(Timestamp), 31011310200312009116(String), 6302b0fcdcd7482099581602a1fec501(String), 2020-06-09 10:52:38.656(Timestamp), 31011310200312009116(String), 8282714ec36c405cbf094755098177e9(String), 2020-06-09 10:52:38.656(Timestamp), 31011310200312009116(String), c4ff94b2fbdf4e889a5cfa517edd74c9(String), 2020-06-09 10:52:38.656(Timestamp), 31011310200312009116(String), ce48246656384d1cb27c046cba2f8c4c(String), 2020-06-09 10:52:38.656(Timestamp), 31011310200312009116(String), daa41bd0401e41fcb3523f1abb6e08d1(String), 2020-06-09 10:52:38.656(Timestamp), 31011310200312009116(String), db6607db218b4182924b980ecb900b19(String), 2020-06-09 10:52:38.656(Timestamp) 
2020-06-09 10:52:38.728 [DEBUG] c.b.r.m.m.mapper.EhrModelBuildMapper.saveResult    - [debug:159] <==    Updates: 8 
2020-06-09 10:53:29.069 [DEBUG] c.b.r.m.m.m.CoverBuildMapper.queryByArchiveNum     - [debug:159] ==>  Preparing: select Name as name, Phone as phone, Province as registerProvinceName, ProvinceCode as registerProvinceCode, City as registerCityName, CityCode as registerCityCode, District as registerDistrictName, DistrictCode as registerDistrictCode, permanentNeighborhood as registerNeighborhoodName, permanentNeighborhoodCode as registerNeighborhoodCode, permanentVillageName as registerVillageName, permanentVillageCode as registerVillageCode, PermanentAddress as registerAddress, Neighborhood as currentNeighborhoodName, NeighborhoodCode as currentNeighborhoodCode, VillageName as currentVillageName, VillageCode as currentVillageCode, PresentAddress as currentAddress, ArchiveUnit as archiveUnit, Archiver as archiver, ResponsibleDoctor as responsibleDoctor, DateOfCreateArchive as dateOfCreateArchive from HrCover where ArchiveNum = ?  
2020-06-09 10:53:29.072 [DEBUG] c.b.r.m.m.m.CoverBuildMapper.queryByArchiveNum     - [debug:159] ==> Parameters: 31011310200312009116(String) 
2020-06-09 10:53:29.081 [DEBUG] c.b.r.m.m.m.CoverBuildMapper.queryByArchiveNum     - [debug:159] <==      Total: 1 
2020-06-09 10:53:29.087 [DEBUG] c.b.r.m.m.m.B.queryByArchiveNum                    - [debug:159] ==>  Preparing: select Id as id, Name as name, Sex as sex, DateOfBirth as dateOfBirth, IdCard as idCard, WorkUnit as workUnit, Phone as phone, ContactsName as contactsName, ContactsPhone as contactsPhone, ResidenceType as residenceType, NationCode as nationCode, BloodType as bloodType, RhBloodType as rhBloodType, Degree as degree, Occupation as occupation, MaritalStatus as maritalStatus, HeredityHistoryFlag as heredityHistoryFlag, EnvironmentKitchenAeration as environmentKitchenAeration, EnvironmentFuelType as environmentFuelType, EnvironmentWater as environmentWater, EnvironmentToilet as environmentToilet, EnvironmentCorral as environmentCorral from HrPersonBasicInfo where archiveNum = ?  
2020-06-09 10:53:29.088 [DEBUG] c.b.r.m.m.m.B.queryByArchiveNum                    - [debug:159] ==> Parameters: 31011310200312009116(String) 
2020-06-09 10:53:29.093 [DEBUG] c.b.r.m.m.m.B.queryByArchiveNum                    - [debug:159] <==      Total: 1 
2020-06-09 10:53:29.099 [DEBUG] c.b.r.m.m.m.B.getAssociationInfo                   - [debug:159] ==>  Preparing: select associationType as associationType, code as code, msg as msg, occurDate as occurDate from HrAssociationInfo where Pid = ? and TableSource = 'HrPersonBasicInfo'  
2020-06-09 10:53:29.100 [DEBUG] c.b.r.m.m.m.B.getAssociationInfo                   - [debug:159] ==> Parameters: 1(Integer) 
2020-06-09 10:53:29.107 [DEBUG] c.b.r.m.m.m.B.getAssociationInfo                   - [debug:159] <==      Total: 15 
2020-06-09 10:53:29.113 [DEBUG] c.b.r.modules.model.mapper.SignMapper.queryById    - [debug:159] ==>  Preparing: select JMXM as name, SJHM as phone from QYYH where sfzh = ?  
2020-06-09 10:53:29.114 [DEBUG] c.b.r.modules.model.mapper.SignMapper.queryById    - [debug:159] ==> Parameters: 110101199003071970(String) 
2020-06-09 10:53:29.122 [DEBUG] c.b.r.modules.model.mapper.SignMapper.queryById    - [debug:159] <==      Total: 1 
2020-06-09 10:53:29.128 [DEBUG] c.b.r.m.model.mapper.IpBuildMapper.queryInfoList   - [debug:159] ==>  Preparing: SELECT t3.HospitalLevel as orgLevel, t1.orgCode as orgCode, t1.ipVisitStrNo as streamNo, t1.admissionDate as inMedicalDate, t1.dischargeDate as outMedicalDate, t2.sexCode as sex, t2.dateOfBirth as dateOfBirth, t2.name as name, t2.phoneNum as phone FROM tb_his_ip_medical_record t1 LEFT JOIN tb_empi_index_root t2 ON t2.guid = t1.empiGuid LEFT JOIN t_dic_hospital_info t3 on t3.Hospital_id = t1.orgCode WHERE t2.idCardNo = ?  
2020-06-09 10:53:29.129 [DEBUG] c.b.r.m.model.mapper.IpBuildMapper.queryInfoList   - [debug:159] ==> Parameters: 110101199003071970(String) 
2020-06-09 10:53:29.135 [DEBUG] c.b.r.m.model.mapper.IpBuildMapper.queryInfoList   - [debug:159] <==      Total: 0 
2020-06-09 10:53:29.139 [ERROR] c.b.r.m.model.service.impl.IpBuildServiceImpl      - [buildHospitalInfo:34] 获取ipData1 
2020-06-09 10:53:29.140 [ERROR] c.b.r.m.model.service.impl.IpBuildServiceImpl      - [buildHospitalInfo:35] 0 
2020-06-09 10:53:29.141 [DEBUG] c.b.r.m.model.mapper.OpBuildMapper.queryInfoList   - [debug:159] ==>  Preparing: SELECT t3.HospitalLevel as orgLevel, t1.orgCode as orgCode, t1.opVisitStrNo as streamNo, t1.visitTime as medicalDate, t2.name as name, t2.phoneNum as phone FROM tb_his_op_medical_record t1 LEFT JOIN tb_empi_index_root t2 ON t2.guid = t1.empiGuid left join t_dic_hospital_info t3 on t3.Hospital_id = t1.orgCode WHERE t2.idCardNo = ?  
2020-06-09 10:53:29.145 [DEBUG] c.b.r.m.model.mapper.OpBuildMapper.queryInfoList   - [debug:159] ==> Parameters: 110101199003071970(String) 
2020-06-09 10:53:29.152 [DEBUG] c.b.r.m.model.mapper.OpBuildMapper.queryInfoList   - [debug:159] <==      Total: 0 
2020-06-09 10:53:29.157 [ERROR] c.b.r.m.model.service.impl.OpBuildServiceImpl      - [buildOutpatientInfo:31] 获取op的data 
2020-06-09 10:53:29.158 [ERROR] c.b.r.m.model.service.impl.OpBuildServiceImpl      - [buildOutpatientInfo:32] 0 
2020-06-09 10:53:29.205 [INFO ] c.b.r.m.engine.service.impl.RuleEngineServiceImpl  - [onSuccess:92] 符合规则为:婚姻超出字典范围婚姻状况不在字典范围内（1 未婚  2 已婚  3 丧偶  4 离婚  5 未说明的婚姻状况 ） 
2020-06-09 10:53:29.210 [INFO ] c.b.r.m.engine.service.impl.RuleEngineServiceImpl  - [onSuccess:92] 符合规则为:个人基本信息表本人电话固定电话长度异常（不含区号） 
2020-06-09 10:53:29.212 [INFO ] c.b.r.m.engine.service.impl.RuleEngineServiceImpl  - [onSuccess:92] 符合规则为:个人基本信息表既往史既往史疾病确诊时间未填写 
2020-06-09 10:53:29.215 [INFO ] c.b.r.m.engine.service.impl.RuleEngineServiceImpl  - [onSuccess:92] 符合规则为:固定电话长度异常（不含区号）同时满足以下条件： 1、联系人电话不为空值 2、联系人电话为固定电话（不是1和0开头判断为固定电话） 3、号码长度小于7位或大于8位 
2020-06-09 10:53:29.221 [INFO ] c.b.r.m.engine.service.impl.RuleEngineServiceImpl  - [onSuccess:92] 符合规则为:医疗费用支付方式超出字典范围医疗费用支付方式不在字典范围内（1 城镇职工基本医疗保险  2 城镇居民基本医疗保险  3 新型农村合作医疗  4 贫困救助  5 商业医疗保险   6 全公费  7 全自费  8 其他 ） 
2020-06-09 10:53:29.222 [INFO ] c.b.r.m.engine.service.impl.RuleEngineServiceImpl  - [onSuccess:92] 符合规则为:既往史手术未填写既往史手术为空值 
2020-06-09 10:53:29.224 [INFO ] c.b.r.m.engine.service.impl.RuleEngineServiceImpl  - [onSuccess:92] 符合规则为:既往史输血未填写既往史输血为空值 
2020-06-09 10:53:29.225 [INFO ] c.b.r.m.engine.service.impl.RuleEngineServiceImpl  - [onSuccess:92] 符合规则为:联系电话不为纯数字同时满足以下条件： 1、联系电话不为空值 2、联系电话不是纯数字 
2020-06-09 10:53:29.229 [INFO ] c.b.r.m.m.service.impl.EhrModelBuildServiceImpl    - [saveResult:148] 规则执行结束结果条数为:8 
2020-06-09 10:53:29.231 [DEBUG] c.b.r.m.m.mapper.EhrModelBuildMapper.saveResult    - [debug:159] ==>  Preparing: insert into HrRuleRecord(RecordId, ArchiveNum, RuleId, RecordTime, Ispass) values (NEWID(), ?, ?, ?, 1) , (NEWID(), ?, ?, ?, 1) , (NEWID(), ?, ?, ?, 1) , (NEWID(), ?, ?, ?, 1) , (NEWID(), ?, ?, ?, 1) , (NEWID(), ?, ?, ?, 1) , (NEWID(), ?, ?, ?, 1) , (NEWID(), ?, ?, ?, 1)  
2020-06-09 10:53:29.234 [DEBUG] c.b.r.m.m.mapper.EhrModelBuildMapper.saveResult    - [debug:159] ==> Parameters: 31011310200312009116(String), 41eaf8c413c84f89a816aa51db357fc3(String), 2020-06-09 10:53:29.23(Timestamp), 31011310200312009116(String), 5f7ecb11a3894e1d83e68322c3e3071d(String), 2020-06-09 10:53:29.23(Timestamp), 31011310200312009116(String), 6302b0fcdcd7482099581602a1fec501(String), 2020-06-09 10:53:29.23(Timestamp), 31011310200312009116(String), 8282714ec36c405cbf094755098177e9(String), 2020-06-09 10:53:29.23(Timestamp), 31011310200312009116(String), c4ff94b2fbdf4e889a5cfa517edd74c9(String), 2020-06-09 10:53:29.23(Timestamp), 31011310200312009116(String), ce48246656384d1cb27c046cba2f8c4c(String), 2020-06-09 10:53:29.23(Timestamp), 31011310200312009116(String), daa41bd0401e41fcb3523f1abb6e08d1(String), 2020-06-09 10:53:29.23(Timestamp), 31011310200312009116(String), db6607db218b4182924b980ecb900b19(String), 2020-06-09 10:53:29.23(Timestamp) 
2020-06-09 10:53:29.263 [DEBUG] c.b.r.m.m.mapper.EhrModelBuildMapper.saveResult    - [debug:159] <==    Updates: 8 
2020-06-09 10:53:50.427 [DEBUG] c.b.r.m.m.m.CoverBuildMapper.queryByArchiveNum     - [debug:159] ==>  Preparing: select Name as name, Phone as phone, Province as registerProvinceName, ProvinceCode as registerProvinceCode, City as registerCityName, CityCode as registerCityCode, District as registerDistrictName, DistrictCode as registerDistrictCode, permanentNeighborhood as registerNeighborhoodName, permanentNeighborhoodCode as registerNeighborhoodCode, permanentVillageName as registerVillageName, permanentVillageCode as registerVillageCode, PermanentAddress as registerAddress, Neighborhood as currentNeighborhoodName, NeighborhoodCode as currentNeighborhoodCode, VillageName as currentVillageName, VillageCode as currentVillageCode, PresentAddress as currentAddress, ArchiveUnit as archiveUnit, Archiver as archiver, ResponsibleDoctor as responsibleDoctor, DateOfCreateArchive as dateOfCreateArchive from HrCover where ArchiveNum = ?  
2020-06-09 10:53:50.429 [DEBUG] c.b.r.m.m.m.CoverBuildMapper.queryByArchiveNum     - [debug:159] ==> Parameters: 31011310200312009116(String) 
2020-06-09 10:53:50.441 [DEBUG] c.b.r.m.m.m.CoverBuildMapper.queryByArchiveNum     - [debug:159] <==      Total: 1 
2020-06-09 10:53:50.447 [DEBUG] c.b.r.m.m.m.B.queryByArchiveNum                    - [debug:159] ==>  Preparing: select Id as id, Name as name, Sex as sex, DateOfBirth as dateOfBirth, IdCard as idCard, WorkUnit as workUnit, Phone as phone, ContactsName as contactsName, ContactsPhone as contactsPhone, ResidenceType as residenceType, NationCode as nationCode, BloodType as bloodType, RhBloodType as rhBloodType, Degree as degree, Occupation as occupation, MaritalStatus as maritalStatus, HeredityHistoryFlag as heredityHistoryFlag, EnvironmentKitchenAeration as environmentKitchenAeration, EnvironmentFuelType as environmentFuelType, EnvironmentWater as environmentWater, EnvironmentToilet as environmentToilet, EnvironmentCorral as environmentCorral from HrPersonBasicInfo where archiveNum = ?  
2020-06-09 10:53:50.450 [DEBUG] c.b.r.m.m.m.B.queryByArchiveNum                    - [debug:159] ==> Parameters: 31011310200312009116(String) 
2020-06-09 10:53:50.458 [DEBUG] c.b.r.m.m.m.B.queryByArchiveNum                    - [debug:159] <==      Total: 1 
2020-06-09 10:53:50.465 [DEBUG] c.b.r.m.m.m.B.getAssociationInfo                   - [debug:159] ==>  Preparing: select associationType as associationType, code as code, msg as msg, occurDate as occurDate from HrAssociationInfo where Pid = ? and TableSource = 'HrPersonBasicInfo'  
2020-06-09 10:53:50.466 [DEBUG] c.b.r.m.m.m.B.getAssociationInfo                   - [debug:159] ==> Parameters: 1(Integer) 
2020-06-09 10:53:50.474 [DEBUG] c.b.r.m.m.m.B.getAssociationInfo                   - [debug:159] <==      Total: 15 
2020-06-09 10:53:50.480 [DEBUG] c.b.r.modules.model.mapper.SignMapper.queryById    - [debug:159] ==>  Preparing: select JMXM as name, SJHM as phone from QYYH where sfzh = ?  
2020-06-09 10:53:50.480 [DEBUG] c.b.r.modules.model.mapper.SignMapper.queryById    - [debug:159] ==> Parameters: 110101199003071970(String) 
2020-06-09 10:53:50.485 [DEBUG] c.b.r.modules.model.mapper.SignMapper.queryById    - [debug:159] <==      Total: 1 
2020-06-09 10:53:50.490 [DEBUG] c.b.r.m.model.mapper.IpBuildMapper.queryInfoList   - [debug:159] ==>  Preparing: SELECT t3.HospitalLevel as orgLevel, t1.orgCode as orgCode, t1.ipVisitStrNo as streamNo, t1.admissionDate as inMedicalDate, t1.dischargeDate as outMedicalDate, t2.sexCode as sex, t2.dateOfBirth as dateOfBirth, t2.name as name, t2.phoneNum as phone FROM tb_his_ip_medical_record t1 LEFT JOIN tb_empi_index_root t2 ON t2.guid = t1.empiGuid LEFT JOIN t_dic_hospital_info t3 on t3.Hospital_id = t1.orgCode WHERE t2.idCardNo = ?  
2020-06-09 10:53:50.491 [DEBUG] c.b.r.m.model.mapper.IpBuildMapper.queryInfoList   - [debug:159] ==> Parameters: 110101199003071970(String) 
2020-06-09 10:53:50.498 [DEBUG] c.b.r.m.model.mapper.IpBuildMapper.queryInfoList   - [debug:159] <==      Total: 0 
2020-06-09 10:53:50.502 [ERROR] c.b.r.m.model.service.impl.IpBuildServiceImpl      - [buildHospitalInfo:34] 获取ipData1 
2020-06-09 10:53:50.502 [ERROR] c.b.r.m.model.service.impl.IpBuildServiceImpl      - [buildHospitalInfo:35] 0 
2020-06-09 10:53:50.504 [DEBUG] c.b.r.m.model.mapper.OpBuildMapper.queryInfoList   - [debug:159] ==>  Preparing: SELECT t3.HospitalLevel as orgLevel, t1.orgCode as orgCode, t1.opVisitStrNo as streamNo, t1.visitTime as medicalDate, t2.name as name, t2.phoneNum as phone FROM tb_his_op_medical_record t1 LEFT JOIN tb_empi_index_root t2 ON t2.guid = t1.empiGuid left join t_dic_hospital_info t3 on t3.Hospital_id = t1.orgCode WHERE t2.idCardNo = ?  
2020-06-09 10:53:50.508 [DEBUG] c.b.r.m.model.mapper.OpBuildMapper.queryInfoList   - [debug:159] ==> Parameters: 110101199003071970(String) 
2020-06-09 10:53:50.514 [DEBUG] c.b.r.m.model.mapper.OpBuildMapper.queryInfoList   - [debug:159] <==      Total: 0 
2020-06-09 10:53:50.519 [ERROR] c.b.r.m.model.service.impl.OpBuildServiceImpl      - [buildOutpatientInfo:31] 获取op的data 
2020-06-09 10:53:50.520 [ERROR] c.b.r.m.model.service.impl.OpBuildServiceImpl      - [buildOutpatientInfo:32] 0 
2020-06-09 10:53:50.537 [INFO ] c.b.r.m.engine.service.impl.RuleEngineServiceImpl  - [onSuccess:92] 符合规则为:婚姻超出字典范围婚姻状况不在字典范围内（1 未婚  2 已婚  3 丧偶  4 离婚  5 未说明的婚姻状况 ） 
2020-06-09 10:53:50.539 [INFO ] c.b.r.m.engine.service.impl.RuleEngineServiceImpl  - [onSuccess:92] 符合规则为:个人基本信息表本人电话固定电话长度异常（不含区号） 
2020-06-09 10:53:50.544 [INFO ] c.b.r.m.engine.service.impl.RuleEngineServiceImpl  - [onSuccess:92] 符合规则为:个人基本信息表既往史既往史疾病确诊时间未填写 
2020-06-09 10:53:50.549 [INFO ] c.b.r.m.engine.service.impl.RuleEngineServiceImpl  - [onSuccess:92] 符合规则为:固定电话长度异常（不含区号）同时满足以下条件： 1、联系人电话不为空值 2、联系人电话为固定电话（不是1和0开头判断为固定电话） 3、号码长度小于7位或大于8位 
2020-06-09 10:53:50.553 [INFO ] c.b.r.m.engine.service.impl.RuleEngineServiceImpl  - [onSuccess:92] 符合规则为:医疗费用支付方式超出字典范围医疗费用支付方式不在字典范围内（1 城镇职工基本医疗保险  2 城镇居民基本医疗保险  3 新型农村合作医疗  4 贫困救助  5 商业医疗保险   6 全公费  7 全自费  8 其他 ） 
2020-06-09 10:53:50.555 [INFO ] c.b.r.m.engine.service.impl.RuleEngineServiceImpl  - [onSuccess:92] 符合规则为:既往史手术未填写既往史手术为空值 
2020-06-09 10:53:50.559 [INFO ] c.b.r.m.engine.service.impl.RuleEngineServiceImpl  - [onSuccess:92] 符合规则为:既往史输血未填写既往史输血为空值 
2020-06-09 10:53:50.560 [INFO ] c.b.r.m.engine.service.impl.RuleEngineServiceImpl  - [onSuccess:92] 符合规则为:联系电话不为纯数字同时满足以下条件： 1、联系电话不为空值 2、联系电话不是纯数字 
2020-06-09 10:53:50.563 [INFO ] c.b.r.m.m.service.impl.EhrModelBuildServiceImpl    - [saveResult:148] 规则执行结束结果条数为:8 
2020-06-09 10:53:50.566 [DEBUG] c.b.r.m.m.mapper.EhrModelBuildMapper.saveResult    - [debug:159] ==>  Preparing: insert into HrRuleRecord(RecordId, ArchiveNum, RuleId, RecordTime, Ispass) values (NEWID(), ?, ?, ?, 1) , (NEWID(), ?, ?, ?, 1) , (NEWID(), ?, ?, ?, 1) , (NEWID(), ?, ?, ?, 1) , (NEWID(), ?, ?, ?, 1) , (NEWID(), ?, ?, ?, 1) , (NEWID(), ?, ?, ?, 1) , (NEWID(), ?, ?, ?, 1)  
2020-06-09 10:53:50.569 [DEBUG] c.b.r.m.m.mapper.EhrModelBuildMapper.saveResult    - [debug:159] ==> Parameters: 31011310200312009116(String), 41eaf8c413c84f89a816aa51db357fc3(String), 2020-06-09 10:53:50.565(Timestamp), 31011310200312009116(String), 5f7ecb11a3894e1d83e68322c3e3071d(String), 2020-06-09 10:53:50.565(Timestamp), 31011310200312009116(String), 6302b0fcdcd7482099581602a1fec501(String), 2020-06-09 10:53:50.565(Timestamp), 31011310200312009116(String), 8282714ec36c405cbf094755098177e9(String), 2020-06-09 10:53:50.565(Timestamp), 31011310200312009116(String), c4ff94b2fbdf4e889a5cfa517edd74c9(String), 2020-06-09 10:53:50.565(Timestamp), 31011310200312009116(String), ce48246656384d1cb27c046cba2f8c4c(String), 2020-06-09 10:53:50.565(Timestamp), 31011310200312009116(String), daa41bd0401e41fcb3523f1abb6e08d1(String), 2020-06-09 10:53:50.565(Timestamp), 31011310200312009116(String), db6607db218b4182924b980ecb900b19(String), 2020-06-09 10:53:50.565(Timestamp) 
2020-06-09 10:53:50.584 [DEBUG] c.b.r.m.m.mapper.EhrModelBuildMapper.saveResult    - [debug:159] <==    Updates: 8 
2020-06-09 10:55:56.179 [DEBUG] c.b.r.m.m.m.CoverBuildMapper.queryByArchiveNum     - [debug:159] ==>  Preparing: select Name as name, Phone as phone, Province as registerProvinceName, ProvinceCode as registerProvinceCode, City as registerCityName, CityCode as registerCityCode, District as registerDistrictName, DistrictCode as registerDistrictCode, permanentNeighborhood as registerNeighborhoodName, permanentNeighborhoodCode as registerNeighborhoodCode, permanentVillageName as registerVillageName, permanentVillageCode as registerVillageCode, PermanentAddress as registerAddress, Neighborhood as currentNeighborhoodName, NeighborhoodCode as currentNeighborhoodCode, VillageName as currentVillageName, VillageCode as currentVillageCode, PresentAddress as currentAddress, ArchiveUnit as archiveUnit, Archiver as archiver, ResponsibleDoctor as responsibleDoctor, DateOfCreateArchive as dateOfCreateArchive from HrCover where ArchiveNum = ?  
2020-06-09 10:55:56.180 [DEBUG] c.b.r.m.m.m.CoverBuildMapper.queryByArchiveNum     - [debug:159] ==> Parameters: 31011310200312009116(String) 
2020-06-09 10:55:56.194 [DEBUG] c.b.r.m.m.m.CoverBuildMapper.queryByArchiveNum     - [debug:159] <==      Total: 1 
2020-06-09 10:55:56.201 [DEBUG] c.b.r.m.m.m.B.queryByArchiveNum                    - [debug:159] ==>  Preparing: select Id as id, Name as name, Sex as sex, DateOfBirth as dateOfBirth, IdCard as idCard, WorkUnit as workUnit, Phone as phone, ContactsName as contactsName, ContactsPhone as contactsPhone, ResidenceType as residenceType, NationCode as nationCode, BloodType as bloodType, RhBloodType as rhBloodType, Degree as degree, Occupation as occupation, MaritalStatus as maritalStatus, HeredityHistoryFlag as heredityHistoryFlag, EnvironmentKitchenAeration as environmentKitchenAeration, EnvironmentFuelType as environmentFuelType, EnvironmentWater as environmentWater, EnvironmentToilet as environmentToilet, EnvironmentCorral as environmentCorral from HrPersonBasicInfo where archiveNum = ?  
2020-06-09 10:55:56.203 [DEBUG] c.b.r.m.m.m.B.queryByArchiveNum                    - [debug:159] ==> Parameters: 31011310200312009116(String) 
2020-06-09 10:55:56.210 [DEBUG] c.b.r.m.m.m.B.queryByArchiveNum                    - [debug:159] <==      Total: 1 
2020-06-09 10:55:56.215 [DEBUG] c.b.r.m.m.m.B.getAssociationInfo                   - [debug:159] ==>  Preparing: select associationType as associationType, code as code, msg as msg, occurDate as occurDate from HrAssociationInfo where Pid = ? and TableSource = 'HrPersonBasicInfo'  
2020-06-09 10:55:56.216 [DEBUG] c.b.r.m.m.m.B.getAssociationInfo                   - [debug:159] ==> Parameters: 1(Integer) 
2020-06-09 10:55:56.222 [DEBUG] c.b.r.m.m.m.B.getAssociationInfo                   - [debug:159] <==      Total: 15 
2020-06-09 10:55:56.227 [DEBUG] c.b.r.modules.model.mapper.SignMapper.queryById    - [debug:159] ==>  Preparing: select JMXM as name, SJHM as phone from QYYH where sfzh = ?  
2020-06-09 10:55:56.228 [DEBUG] c.b.r.modules.model.mapper.SignMapper.queryById    - [debug:159] ==> Parameters: 110101199003071970(String) 
2020-06-09 10:55:56.236 [DEBUG] c.b.r.modules.model.mapper.SignMapper.queryById    - [debug:159] <==      Total: 1 
2020-06-09 10:55:56.240 [DEBUG] c.b.r.m.model.mapper.IpBuildMapper.queryInfoList   - [debug:159] ==>  Preparing: SELECT t3.HospitalLevel as orgLevel, t1.orgCode as orgCode, t1.ipVisitStrNo as streamNo, t1.admissionDate as inMedicalDate, t1.dischargeDate as outMedicalDate, t2.sexCode as sex, t2.dateOfBirth as dateOfBirth, t2.name as name, t2.phoneNum as phone FROM tb_his_ip_medical_record t1 LEFT JOIN tb_empi_index_root t2 ON t2.guid = t1.empiGuid LEFT JOIN t_dic_hospital_info t3 on t3.Hospital_id = t1.orgCode WHERE t2.idCardNo = ?  
2020-06-09 10:55:56.241 [DEBUG] c.b.r.m.model.mapper.IpBuildMapper.queryInfoList   - [debug:159] ==> Parameters: 110101199003071970(String) 
2020-06-09 10:55:56.248 [DEBUG] c.b.r.m.model.mapper.IpBuildMapper.queryInfoList   - [debug:159] <==      Total: 0 
2020-06-09 10:55:56.253 [ERROR] c.b.r.m.model.service.impl.IpBuildServiceImpl      - [buildHospitalInfo:34] 获取ipData1 
2020-06-09 10:55:56.254 [ERROR] c.b.r.m.model.service.impl.IpBuildServiceImpl      - [buildHospitalInfo:35] 0 
2020-06-09 10:55:56.255 [DEBUG] c.b.r.m.model.mapper.OpBuildMapper.queryInfoList   - [debug:159] ==>  Preparing: SELECT t3.HospitalLevel as orgLevel, t1.orgCode as orgCode, t1.opVisitStrNo as streamNo, t1.visitTime as medicalDate, t2.name as name, t2.phoneNum as phone FROM tb_his_op_medical_record t1 LEFT JOIN tb_empi_index_root t2 ON t2.guid = t1.empiGuid left join t_dic_hospital_info t3 on t3.Hospital_id = t1.orgCode WHERE t2.idCardNo = ?  
2020-06-09 10:55:56.256 [DEBUG] c.b.r.m.model.mapper.OpBuildMapper.queryInfoList   - [debug:159] ==> Parameters: 110101199003071970(String) 
2020-06-09 10:55:56.265 [DEBUG] c.b.r.m.model.mapper.OpBuildMapper.queryInfoList   - [debug:159] <==      Total: 0 
2020-06-09 10:55:56.270 [ERROR] c.b.r.m.model.service.impl.OpBuildServiceImpl      - [buildOutpatientInfo:31] 获取op的data 
2020-06-09 10:55:56.270 [ERROR] c.b.r.m.model.service.impl.OpBuildServiceImpl      - [buildOutpatientInfo:32] 0 
2020-06-09 10:55:56.286 [INFO ] c.b.r.m.engine.service.impl.RuleEngineServiceImpl  - [onSuccess:92] 符合规则为:婚姻超出字典范围婚姻状况不在字典范围内（1 未婚  2 已婚  3 丧偶  4 离婚  5 未说明的婚姻状况 ） 
2020-06-09 10:55:56.287 [INFO ] c.b.r.m.engine.service.impl.RuleEngineServiceImpl  - [onSuccess:92] 符合规则为:个人基本信息表本人电话固定电话长度异常（不含区号） 
2020-06-09 10:55:56.289 [INFO ] c.b.r.m.engine.service.impl.RuleEngineServiceImpl  - [onSuccess:92] 符合规则为:个人基本信息表既往史既往史疾病确诊时间未填写 
2020-06-09 10:55:56.294 [INFO ] c.b.r.m.engine.service.impl.RuleEngineServiceImpl  - [onSuccess:92] 符合规则为:固定电话长度异常（不含区号）同时满足以下条件： 1、联系人电话不为空值 2、联系人电话为固定电话（不是1和0开头判断为固定电话） 3、号码长度小于7位或大于8位 
2020-06-09 10:55:56.297 [INFO ] c.b.r.m.engine.service.impl.RuleEngineServiceImpl  - [onSuccess:92] 符合规则为:医疗费用支付方式超出字典范围医疗费用支付方式不在字典范围内（1 城镇职工基本医疗保险  2 城镇居民基本医疗保险  3 新型农村合作医疗  4 贫困救助  5 商业医疗保险   6 全公费  7 全自费  8 其他 ） 
2020-06-09 10:55:56.300 [INFO ] c.b.r.m.engine.service.impl.RuleEngineServiceImpl  - [onSuccess:92] 符合规则为:既往史手术未填写既往史手术为空值 
2020-06-09 10:55:56.302 [INFO ] c.b.r.m.engine.service.impl.RuleEngineServiceImpl  - [onSuccess:92] 符合规则为:既往史输血未填写既往史输血为空值 
2020-06-09 10:55:56.304 [INFO ] c.b.r.m.engine.service.impl.RuleEngineServiceImpl  - [onSuccess:92] 符合规则为:联系电话不为纯数字同时满足以下条件： 1、联系电话不为空值 2、联系电话不是纯数字 
2020-06-09 10:55:56.306 [INFO ] c.b.r.m.m.service.impl.EhrModelBuildServiceImpl    - [saveResult:148] 规则执行结束结果条数为:8 
2020-06-09 10:55:56.307 [DEBUG] c.b.r.m.m.mapper.EhrModelBuildMapper.saveResult    - [debug:159] ==>  Preparing: insert into HrRuleRecord(RecordId, ArchiveNum, RuleId, RecordTime, Ispass) values (NEWID(), ?, ?, ?, 1) , (NEWID(), ?, ?, ?, 1) , (NEWID(), ?, ?, ?, 1) , (NEWID(), ?, ?, ?, 1) , (NEWID(), ?, ?, ?, 1) , (NEWID(), ?, ?, ?, 1) , (NEWID(), ?, ?, ?, 1) , (NEWID(), ?, ?, ?, 1)  
2020-06-09 10:55:56.311 [DEBUG] c.b.r.m.m.mapper.EhrModelBuildMapper.saveResult    - [debug:159] ==> Parameters: 31011310200312009116(String), 41eaf8c413c84f89a816aa51db357fc3(String), 2020-06-09 10:55:56.306(Timestamp), 31011310200312009116(String), 5f7ecb11a3894e1d83e68322c3e3071d(String), 2020-06-09 10:55:56.306(Timestamp), 31011310200312009116(String), 6302b0fcdcd7482099581602a1fec501(String), 2020-06-09 10:55:56.306(Timestamp), 31011310200312009116(String), 8282714ec36c405cbf094755098177e9(String), 2020-06-09 10:55:56.306(Timestamp), 31011310200312009116(String), c4ff94b2fbdf4e889a5cfa517edd74c9(String), 2020-06-09 10:55:56.306(Timestamp), 31011310200312009116(String), ce48246656384d1cb27c046cba2f8c4c(String), 2020-06-09 10:55:56.306(Timestamp), 31011310200312009116(String), daa41bd0401e41fcb3523f1abb6e08d1(String), 2020-06-09 10:55:56.306(Timestamp), 31011310200312009116(String), db6607db218b4182924b980ecb900b19(String), 2020-06-09 10:55:56.306(Timestamp) 
2020-06-09 10:55:56.333 [DEBUG] c.b.r.m.m.mapper.EhrModelBuildMapper.saveResult    - [debug:159] <==    Updates: 8 
